This file contains any messages produced by compilers while
running configure, to aid debugging if configure makes a mistake.

It was created by configure, which was
generated by GNU Autoconf 2.52.20210509.  Invocation command line was

  $ ./configure 

## ---------- ##
## Platform.  ##
## ---------- ##

hostname = Moritzs-MacBook-Pro.local
uname -m = arm64
uname -r = 23.5.0
uname -s = Darwin
uname -v = Darwin Kernel Version 23.5.0: Wed May  1 20:14:38 PDT 2024; root:xnu-10063.121.3~5/RELEASE_ARM64_T6020

/usr/bin/uname -p = arm
/bin/uname -X     = unknown

/bin/arch              = unknown
/usr/bin/arch -k       = unknown
/usr/convex/getsysinfo = unknown
hostinfo               = Mach kernel version:
	 Darwin Kernel Version 23.5.0: Wed May  1 20:14:38 PDT 2024; root:xnu-10063.121.3~5/RELEASE_ARM64_T6020
Kernel configured for up to 10 processors.
10 processors are physically available.
10 processors are logically available.
Processor type: arm64e (ARM64E)
Processors active: 0 1 2 3 4 5 6 7 8 9
Primary memory available: 16.00 gigabytes
Default processor set: 479 tasks, 3548 threads, 10 processors
Load average: 1.97, Mach factor: 8.02
/bin/machine           = unknown
/usr/bin/oslevel       = unknown
/bin/universe          = unknown

PATH = /opt/homebrew/opt/ncurses/bin:/opt/homebrew/opt/llvm/bin:/opt/homebrew/opt/ncurses/bin:/opt/homebrew/opt/llvm/bin:/opt/homebrew/opt/ncurses/bin:/opt/homebrew/opt/llvm/bin:/opt/homebrew/opt/ncurses/bin:/opt/homebrew/opt/llvm/bin:/opt/homebrew/opt/ncurses/bin:/opt/homebrew/opt/llvm/bin:/opt/homebrew/opt/ncurses/bin:/opt/homebrew/opt/llvm/bin:/opt/homebrew/bin:/opt/homebrew/sbin:/usr/local/bin:/System/Cryptexes/App/usr/bin:/usr/bin:/bin:/usr/sbin:/sbin:/var/run/com.apple.security.cryptexd/codex.system/bootstrap/usr/local/bin:/var/run/com.apple.security.cryptexd/codex.system/bootstrap/usr/bin:/var/run/com.apple.security.cryptexd/codex.system/bootstrap/usr/appleinternal/bin:/Applications/VMware Fusion.app/Contents/Public:/opt/homebrew/bin:/opt/homebrew/opt/ncurses/bin:/opt/homebrew/opt/llvm/bin:/opt/homebrew/sbin

## ------------ ##
## Core tests.  ##
## ------------ ##

configure:998: PATH=".;."; conftest.sh
./configure: line 999: conftest.sh: command not found
configure:1001: $? = 127
configure:1047: checking build system type
configure:1065: result: aarch64-apple-darwin23.5.0
configure:1073: checking host system type
configure:1087: result: aarch64-apple-darwin23.5.0
configure:1113: result: Configuring for darwin23.5.0
configure:1137: checking whether make sets ${MAKE}
configure:1157: result: yes
configure:1210: checking for gcc
configure:1225: found /usr/bin/gcc
configure:1233: result: gcc
configure:1461: checking for C compiler version
configure:1464: gcc --version </dev/null >&5
Apple clang version 15.0.0 (clang-1500.3.9.4)
Target: arm64-apple-darwin23.5.0
Thread model: posix
InstalledDir: /Library/Developer/CommandLineTools/usr/bin
configure:1467: $? = 0
configure:1469: gcc -v </dev/null >&5
Apple clang version 15.0.0 (clang-1500.3.9.4)
Target: arm64-apple-darwin23.5.0
Thread model: posix
InstalledDir: /Library/Developer/CommandLineTools/usr/bin
configure:1472: $? = 0
configure:1474: gcc -V </dev/null >&5
clang: error: argument to '-V' is missing (expected 1 value)
clang: error: no input files
configure:1477: $? = 1
configure:1497: checking for C compiler default output
configure:1500: gcc  -I/opt/homebrew/opt/ncurses/include -L/opt/homebrew/opt/ncurses/lib conftest.c  >&5
configure:1503: $? = 0
configure:1532: result: a.out
configure:1537: checking whether the C compiler works
configure:1543: ./a.out
configure:1546: $? = 0
configure:1561: result: yes
configure:1568: checking whether we are cross compiling
configure:1570: result: no
configure:1573: checking for executable suffix
configure:1575: gcc -o conftest  -I/opt/homebrew/opt/ncurses/include -L/opt/homebrew/opt/ncurses/lib conftest.c  >&5
configure:1578: $? = 0
configure:1600: result: 
configure:1606: checking for object suffix
configure:1624: gcc -c  -I/opt/homebrew/opt/ncurses/include conftest.c >&5
configure:1627: $? = 0
configure:1646: result: o
configure:1650: checking whether we are using the GNU C compiler
configure:1671: gcc -c  -I/opt/homebrew/opt/ncurses/include conftest.c >&5
configure:1674: $? = 0
configure:1677: test -s conftest.o
configure:1680: $? = 0
configure:1692: result: yes
configure:1698: checking whether gcc accepts -g
configure:1716: gcc -c -g -I/opt/homebrew/opt/ncurses/include conftest.c >&5
configure:1719: $? = 0
configure:1722: test -s conftest.o
configure:1725: $? = 0
configure:1735: result: yes
configure:1762: gcc -c -g -O2 -I/opt/homebrew/opt/ncurses/include conftest.c >&5
conftest.c:2:3: error: unknown type name 'choke'
  choke me
  ^
conftest.c:2:11: error: expected ';' after top level declarator
  choke me
          ^
          ;
2 errors generated.
configure:1765: $? = 1
configure: failed program was:
#ifndef __cplusplus
  choke me
#endif
configure:1866: checking version of gcc
configure:1870: result: 15.0.0
configure:1930: checking if this is really Clang C compiler
configure:1951: gcc -c -g -O2 -I/opt/homebrew/opt/ncurses/include conftest.c >&5
configure:1954: $? = 0
configure:1957: test -s conftest.o
configure:1960: $? = 0
configure:1970: result: yes
configure:1986: checking version of gcc
configure:1990: result: 15.0.0
configure:1997: checking if option -Qunused-arguments works
configure:2016: gcc -o conftest -g -O2 -Qunused-arguments -I/opt/homebrew/opt/ncurses/include -L/opt/homebrew/opt/ncurses/lib conftest.c  >&5
configure:2019: $? = 0
configure:2022: test -s conftest
configure:2025: $? = 0
configure:2036: result: yes
configure:2042: testing adding option -Qunused-arguments ...
configure:1997: checking if option -Wno-error=implicit-function-declaration works
configure:2016: gcc -o conftest -g -O2 -Qunused-arguments -Wno-error=implicit-function-declaration -I/opt/homebrew/opt/ncurses/include -L/opt/homebrew/opt/ncurses/lib conftest.c  >&5
configure:2019: $? = 0
configure:2022: test -s conftest
configure:2025: $? = 0
configure:2036: result: yes
configure:2042: testing adding option -Wno-error=implicit-function-declaration ...
configure:2051: checking for gcc option to accept ANSI C
configure:2108: gcc  -c -g -O2 -Qunused-arguments -Wno-error=implicit-function-declaration -I/opt/homebrew/opt/ncurses/include conftest.c >&5
configure:2067:14: warning: a function definition without a prototype is deprecated in all versions of C and is not supported in C2x [-Wdeprecated-non-prototype]
static char *e (p, i)
             ^
1 warning generated.
configure:2111: $? = 0
configure:2114: test -s conftest.o
configure:2117: $? = 0
configure:2134: result: none needed
configure:2145: checking $CFLAGS variable
configure:2259: result: ok
configure:2264: checking $CC variable
configure:2399: result: ok
configure:2404: checking for inline
configure:2421: gcc -c -g -O2 -Qunused-arguments -Wno-error=implicit-function-declaration -I/opt/homebrew/opt/ncurses/include conftest.c >&5
configure:2424: $? = 0
configure:2427: test -s conftest.o
configure:2430: $? = 0
configure:2441: result: inline
configure:2460: checking for ggrep
configure:2486: result: no
configure:2460: checking for grep
configure:2475: found /usr/bin/grep
configure:2483: result: grep
configure:2494: checking for egrep
configure:2550: result: grep -E
configure:2560: checking how to run the C preprocessor
configure:2586: gcc -E -I/opt/homebrew/opt/ncurses/include conftest.c
configure:2592: $? = 0
configure:2619: gcc -E -I/opt/homebrew/opt/ncurses/include conftest.c
configure:2616:10: fatal error: 'ac_nonexistent.h' file not found
#include <ac_nonexistent.h>
         ^~~~~~~~~~~~~~~~~~
1 error generated.
configure:2625: $? = 1
configure: failed program was:
#line 2615 "configure"
#include "confdefs.h"
#include <ac_nonexistent.h>
configure:2662: result: gcc -E
configure:2677: gcc -E -I/opt/homebrew/opt/ncurses/include conftest.c
configure:2683: $? = 0
configure:2710: gcc -E -I/opt/homebrew/opt/ncurses/include conftest.c
configure:2707:10: fatal error: 'ac_nonexistent.h' file not found
#include <ac_nonexistent.h>
         ^~~~~~~~~~~~~~~~~~
1 error generated.
configure:2716: $? = 1
configure: failed program was:
#line 2706 "configure"
#include "confdefs.h"
#include <ac_nonexistent.h>
configure:2760: checking for mawk
configure:2786: result: no
configure:2760: checking for gawk
configure:2786: result: no
configure:2760: checking for nawk
configure:2786: result: no
configure:2760: checking for awk
configure:2775: found /usr/bin/awk
configure:2783: result: awk
configure:2805: checking for a BSD compatible install
configure:2854: result: /usr/bin/install -c
configure:2875: checking if you want to install stripped executables
configure:2892: result: yes
configure:2903: checking if install accepts -p option
configure:2934: result: yes
configure:2937: checking if install needs to be told about ownership
configure:2948: result: no
configure:2961: checking for lint
configure:2987: result: no
configure:2961: checking for cppcheck
configure:2987: result: no
configure:2961: checking for splint
configure:2987: result: no
configure:3000: checking for ".PHONY" make-support
** making always.out 1
echo 1 > always.out
** making always 1
** making once.out 1
echo 1 > once.out
** making once 1
make: Nothing to be done for `always'.
touch once
** making always.out 2
echo 2 > always.out
** making always 2
** making once.out 2
echo 2 > once.out
make: Nothing to be done for `always'.
make: `once' is up to date.
** making always.out 3
echo 3 > always.out
** making always 3
** making once.out 3
echo 3 > once.out
make: Nothing to be done for `always'.
make: `once' is up to date.
configure:3055: result: yes
configure:3062: checking if filesystem supports mixed-case filenames
configure:3089: result: no
configure:3100: checking for exctags
configure:3126: result: no
configure:3100: checking for ctags
configure:3115: found /usr/bin/ctags
configure:3123: result: ctags
configure:3137: checking for exetags
configure:3163: result: no
configure:3137: checking for etags
configure:3163: result: no
configure:3172: checking for ctags
configure:3187: found /usr/bin/ctags
configure:3196: result: yes
configure:3253: checking if -lm needed for math functions
configure:3276: gcc -o conftest -g -O2 -Qunused-arguments -Wno-error=implicit-function-declaration -I/opt/homebrew/opt/ncurses/include -L/opt/homebrew/opt/ncurses/lib conftest.c  >&5
configure:3279: $? = 0
configure:3282: test -s conftest
configure:3285: $? = 0
configure:3295: result: no
configure:3336: checking for fgrep
configure:3392: result: grep -F
configure:3396: checking if you want to use C11 _Noreturn feature
configure:3413: result: no
configure:3499: checking for gcc __attribute__ directives...
checking for gcc __attribute__((scanf))
configure:3551: gcc -c -g -O2 -Qunused-arguments -Wno-error=implicit-function-declaration -I/opt/homebrew/opt/ncurses/include conftest.c >&5
configure:3554: $? = 0
checking for gcc __attribute__((printf))
configure:3551: gcc -c -g -O2 -Qunused-arguments -Wno-error=implicit-function-declaration -I/opt/homebrew/opt/ncurses/include conftest.c >&5
configure:3554: $? = 0
checking for gcc __attribute__((unused))
configure:3551: gcc -c -g -O2 -Qunused-arguments -Wno-error=implicit-function-declaration -I/opt/homebrew/opt/ncurses/include conftest.c >&5
configure:3554: $? = 0
checking for gcc __attribute__((noreturn))
configure:3551: gcc -c -g -O2 -Qunused-arguments -Wno-error=implicit-function-declaration -I/opt/homebrew/opt/ncurses/include conftest.c >&5
configure:3554: $? = 0
configure:3615: checking if you want to work around bogus compiler/loader warnings
configure:3625: result: no
configure:3896: checking if the POSIX test-macros are already defined
configure:3922: gcc -c -g -O2 -Qunused-arguments -Wno-error=implicit-function-declaration -I/opt/homebrew/opt/ncurses/include conftest.c >&5
configure:3925: $? = 0
configure:3928: test -s conftest.o
configure:3931: $? = 0
configure:3942: result: no
configure:5429: testing add to $CPPFLAGS -D_DARWIN_C_SOURCE ...
configure:5769: checking for signal global datatype
configure:5805: gcc -c -g -O2 -Qunused-arguments -Wno-error=implicit-function-declaration -I/opt/homebrew/opt/ncurses/include -D_DARWIN_C_SOURCE conftest.c >&5
configure:5808: $? = 0
configure:5811: test -s conftest.o
configure:5814: $? = 0
configure:5828: result: volatile sig_atomic_t
configure:5837: checking if SIGWINCH is defined
configure:5859: gcc -c -g -O2 -Qunused-arguments -Wno-error=implicit-function-declaration -I/opt/homebrew/opt/ncurses/include -D_DARWIN_C_SOURCE conftest.c >&5
configure:5862: $? = 0
configure:5865: test -s conftest.o
configure:5868: $? = 0
configure:5916: result: yes
configure:5986: checking for nl_langinfo and CODESET
configure:6004: gcc -o conftest -g -O2 -Qunused-arguments -Wno-error=implicit-function-declaration -I/opt/homebrew/opt/ncurses/include -D_DARWIN_C_SOURCE -L/opt/homebrew/opt/ncurses/lib conftest.c  >&5
configure:6007: $? = 0
configure:6010: test -s conftest
configure:6013: $? = 0
configure:6024: result: yes
configure:6034: checking if you want to use pkg-config
configure:6044: result: yes
configure:6096: checking for pkg-config
configure:6125: result: none
configure:6178: WARNING: pkg-config is not installed
configure:6182: checking if you want to see long compiling messages
configure:6216: result: yes
configure:6219: checking for ncurses wrap-prefix
configure:6229: result: _nc_
configure:6232: checking if you want to check for wide-character functions
configure:6249: result: yes
configure:6252: checking for specific curses-directory
configure:6262: result: no
configure:6416: checking for specified curses library type
configure:6460: result: curses
configure:6466: checking for extra include directories
configure:6492: result: no
configure:6502: checking if we have identified curses headers
configure:6526: gcc -c -g -O2 -Qunused-arguments -Wno-error=implicit-function-declaration -I/opt/homebrew/opt/ncurses/include -D_DARWIN_C_SOURCE conftest.c >&5
configure:6519:12: warning: call to undeclared function 'tgoto'; ISO C99 and later do not support implicit function declarations [-Wimplicit-function-declaration]
initscr(); tgoto("?", 0,0)
           ^
1 warning generated.
configure:6529: $? = 0
configure:6532: test -s conftest.o
configure:6535: $? = 0
configure:6546: result: ncurses.h
configure:6560: checking for ncurses.h
configure:6570: gcc -E -I/opt/homebrew/opt/ncurses/include -D_DARWIN_C_SOURCE conftest.c
configure:6576: $? = 0
configure:6595: result: yes
configure:6605: checking for terminfo header
configure:6638: gcc -c -g -O2 -Qunused-arguments -Wno-error=implicit-function-declaration -I/opt/homebrew/opt/ncurses/include -D_DARWIN_C_SOURCE conftest.c >&5
configure:6641: $? = 0
configure:6644: test -s conftest.o
configure:6647: $? = 0
configure:6663: result: term.h
configure:6695: checking for ncurses version
configure:6759: gcc -o conftest -g -O2 -Qunused-arguments -Wno-error=implicit-function-declaration -I/opt/homebrew/opt/ncurses/include -D_DARWIN_C_SOURCE -L/opt/homebrew/opt/ncurses/lib conftest.c  >&5
configure:6762: $? = 0
configure:6764: ./conftest
configure:6767: $? = 0
configure:6781: result: 6.5.20240427
configure:6788: checking if we have identified curses libraries
configure:6803: gcc -o conftest -g -O2 -Qunused-arguments -Wno-error=implicit-function-declaration -I/opt/homebrew/opt/ncurses/include -D_DARWIN_C_SOURCE -L/opt/homebrew/opt/ncurses/lib conftest.c  >&5
configure:6796:12: warning: call to undeclared function 'tgoto'; ISO C99 and later do not support implicit function declarations [-Wimplicit-function-declaration]
initscr(); tgoto("?", 0,0)
           ^
1 warning generated.
Undefined symbols for architecture arm64:
  "_initscr", referenced from:
      _main in conftest-565a1b.o
  "_tgoto", referenced from:
      _main in conftest-565a1b.o
ld: symbol(s) not found for architecture arm64
clang: error: linker command failed with exit code 1 (use -v to see invocation)
configure:6806: $? = 1
configure: failed program was:
#line 6791 "configure"
#include "confdefs.h"
#include <ncurses.h>
int
main (void)
{
initscr(); tgoto("?", 0,0)
  ;
  return 0;
}
configure:6821: result: no
configure:7219: checking for tgoto
configure:7256: gcc -o conftest -g -O2 -Qunused-arguments -Wno-error=implicit-function-declaration -I/opt/homebrew/opt/ncurses/include -D_DARWIN_C_SOURCE -L/opt/homebrew/opt/ncurses/lib conftest.c  >&5
Undefined symbols for architecture arm64:
  "_tgoto", referenced from:
      _main in conftest-95a314.o
ld: symbol(s) not found for architecture arm64
clang: error: linker command failed with exit code 1 (use -v to see invocation)
configure:7259: $? = 1
configure: failed program was:
#line 7225 "configure"
#include "confdefs.h"
#define tgoto autoconf_temporary
#include <limits.h>	/* least-intrusive standard header which defines gcc2 __stub macros */
#undef tgoto

#ifdef __cplusplus
extern "C"
#endif

/* We use char because int might match the return type of a gcc2
   builtin and then its argument prototype would still apply.  */
char tgoto (void);

int
main (void)
{

/* The GNU C library defines stubs for functions which it implements
    to always fail with ENOSYS.  Some functions are actually named
    something starting with __ and the normal name is an alias.  */
#if defined (__stub_tgoto) || defined (__stub___tgoto)
#error found stub for tgoto
#endif

	return tgoto ();
  ;
  return 0;
}
configure:7275: result: no
configure:7284: checking for tgoto in -lncurses
configure:7311: gcc -o conftest -g -O2 -Qunused-arguments -Wno-error=implicit-function-declaration -I/opt/homebrew/opt/ncurses/include -D_DARWIN_C_SOURCE -L/opt/homebrew/opt/ncurses/lib conftest.c -lncurses   >&5
configure:7314: $? = 0
configure:7317: test -s conftest
configure:7320: $? = 0
configure:7331: result: yes
configure:7354: checking if we can link with ncurses library
configure:7369: gcc -o conftest -g -O2 -Qunused-arguments -Wno-error=implicit-function-declaration -I/opt/homebrew/opt/ncurses/include -D_DARWIN_C_SOURCE -L/opt/homebrew/opt/ncurses/lib conftest.c -lncurses  >&5
configure:7372: $? = 0
configure:7375: test -s conftest
configure:7378: $? = 0
configure:7387: result: yes
configure:16499: checking for _nc_init_pthreads in -lncurses
configure:16526: gcc -o conftest -g -O2 -Qunused-arguments -Wno-error=implicit-function-declaration -I/opt/homebrew/opt/ncurses/include -D_DARWIN_C_SOURCE -L/opt/homebrew/opt/ncurses/lib conftest.c -lncurses  -lncurses  >&5
ld: warning: ignoring duplicate libraries: '-lncurses'
Undefined symbols for architecture arm64:
  "__nc_init_pthreads", referenced from:
      _main in conftest-c64c5e.o
ld: symbol(s) not found for architecture arm64
clang: error: linker command failed with exit code 1 (use -v to see invocation)
configure:16529: $? = 1
configure: failed program was:
#line 16507 "configure"
#include "confdefs.h"

/* Override any gcc2 internal prototype to avoid an error.  */
#ifdef __cplusplus
extern "C"
#endif
/* We use char because int might match the return type of a gcc2
   builtin and then its argument prototype would still apply.  */
char _nc_init_pthreads ();
int
main (void)
{
_nc_init_pthreads ();
  ;
  return 0;
}
configure:16546: result: no
configure:16581: checking for X11 rgb file
configure:16653: result: ${exec_prefix}/lib/X11/rgb.txt
configure:16694: checking for desired basename for form library
configure:16714: result: form
configure:16717: checking for desired basename for menu library
configure:16737: result: menu
configure:16740: checking for desired basename for panel library
configure:16760: result: panel
configure:16763: checking if you want to check for panel functions
configure:16780: result: yes
configure:17027: checking for new_panel in -lpanel
configure:17054: gcc -o conftest -g -O2 -Qunused-arguments -Wno-error=implicit-function-declaration -I/opt/homebrew/opt/ncurses/include -D_DARWIN_C_SOURCE -L/opt/homebrew/opt/ncurses/lib conftest.c -lpanel  -lncurses  >&5
configure:17057: $? = 0
configure:17060: test -s conftest
configure:17063: $? = 0
configure:17074: result: yes
configure:17107: checking if you want to check for menu functions
configure:17124: result: yes
configure:17133: checking for NetBSD menu.h
configure:17158: gcc -c -g -O2 -Qunused-arguments -Wno-error=implicit-function-declaration -I/opt/homebrew/opt/ncurses/include -D_DARWIN_C_SOURCE conftest.c >&5
configure:17150:16: error: no member named 'max_item_width' in 'struct tagMENU'
        int y = menu->max_item_width;
                ~~~~  ^
1 error generated.
configure:17161: $? = 1
configure: failed program was:
#line 17140 "configure"
#include "confdefs.h"

#include <ncurses.h>
#include <menu.h>

int
main (void)
{

	MENU *menu;
	int y = menu->max_item_width;

  ;
  return 0;
}
configure:17179: result: no
configure:17432: checking for menu_driver in -lmenu
configure:17459: gcc -o conftest -g -O2 -Qunused-arguments -Wno-error=implicit-function-declaration -I/opt/homebrew/opt/ncurses/include -D_DARWIN_C_SOURCE -L/opt/homebrew/opt/ncurses/lib conftest.c -lmenu  -lpanel -lncurses  >&5
configure:17462: $? = 0
configure:17465: test -s conftest
configure:17468: $? = 0
configure:17479: result: yes
configure:17512: checking if you want to check for form functions
configure:17529: result: yes
configure:17538: checking for NetBSD form.h
configure:17564: gcc -c -g -O2 -Qunused-arguments -Wno-error=implicit-function-declaration -I/opt/homebrew/opt/ncurses/include -D_DARWIN_C_SOURCE conftest.c >&5
configure:17555:31: error: no member named 'cursor_ypos' in 'struct fieldnode'
        int y = current_field(form)->cursor_ypos;
                ~~~~~~~~~~~~~~~~~~~  ^
configure:17556:31: error: no member named 'cursor_xpos' in 'struct fieldnode'
        int x = current_field(form)->cursor_xpos;
                ~~~~~~~~~~~~~~~~~~~  ^
2 errors generated.
configure:17567: $? = 1
configure: failed program was:
#line 17545 "configure"
#include "confdefs.h"

#include <ncurses.h>
#include <form.h>

int
main (void)
{

	FORM *form;
	int y = current_field(form)->cursor_ypos;
	int x = current_field(form)->cursor_xpos;

  ;
  return 0;
}
configure:17585: result: no
configure:17838: checking for form_driver in -lform
configure:17865: gcc -o conftest -g -O2 -Qunused-arguments -Wno-error=implicit-function-declaration -I/opt/homebrew/opt/ncurses/include -D_DARWIN_C_SOURCE -L/opt/homebrew/opt/ncurses/lib conftest.c -lform  -lmenu -lpanel -lncurses  >&5
configure:17868: $? = 0
configure:17871: test -s conftest
configure:17874: $? = 0
configure:17885: result: yes
configure:17923: checking for panel.h
configure:17933: gcc -E -I/opt/homebrew/opt/ncurses/include -D_DARWIN_C_SOURCE conftest.c
configure:17939: $? = 0
configure:17958: result: yes
configure:17923: checking for menu.h
configure:17933: gcc -E -I/opt/homebrew/opt/ncurses/include -D_DARWIN_C_SOURCE conftest.c
configure:17939: $? = 0
configure:17958: result: yes
configure:17923: checking for form.h
configure:17933: gcc -E -I/opt/homebrew/opt/ncurses/include -D_DARWIN_C_SOURCE conftest.c
configure:17939: $? = 0
configure:17958: result: yes
configure:17968: checking for ANSI C header files
configure:17982: gcc -E -I/opt/homebrew/opt/ncurses/include -D_DARWIN_C_SOURCE conftest.c
configure:17988: $? = 0
configure:18075: gcc -o conftest -g -O2 -Qunused-arguments -Wno-error=implicit-function-declaration -I/opt/homebrew/opt/ncurses/include -D_DARWIN_C_SOURCE -L/opt/homebrew/opt/ncurses/lib conftest.c -lform -lmenu -lpanel -lncurses  >&5
configure:18078: $? = 0
configure:18080: ./conftest
configure:18083: $? = 0
configure:18096: result: yes
configure:18106: checking whether time.h and sys/time.h may both be included
configure:18128: gcc -c -g -O2 -Qunused-arguments -Wno-error=implicit-function-declaration -I/opt/homebrew/opt/ncurses/include -D_DARWIN_C_SOURCE conftest.c >&5
configure:18131: $? = 0
configure:18134: test -s conftest.o
configure:18137: $? = 0
configure:18147: result: yes
configure:18171: checking for getopt.h
configure:18181: gcc -E -I/opt/homebrew/opt/ncurses/include -D_DARWIN_C_SOURCE conftest.c
configure:18187: $? = 0
configure:18206: result: yes
configure:18171: checking for locale.h
configure:18181: gcc -E -I/opt/homebrew/opt/ncurses/include -D_DARWIN_C_SOURCE conftest.c
configure:18187: $? = 0
configure:18206: result: yes
configure:18171: checking for math.h
configure:18181: gcc -E -I/opt/homebrew/opt/ncurses/include -D_DARWIN_C_SOURCE conftest.c
configure:18187: $? = 0
configure:18206: result: yes
configure:18171: checking for stdarg.h
configure:18181: gcc -E -I/opt/homebrew/opt/ncurses/include -D_DARWIN_C_SOURCE conftest.c
configure:18187: $? = 0
configure:18206: result: yes
configure:18171: checking for stdint.h
configure:18181: gcc -E -I/opt/homebrew/opt/ncurses/include -D_DARWIN_C_SOURCE conftest.c
configure:18187: $? = 0
configure:18206: result: yes
configure:18171: checking for sys/ioctl.h
configure:18181: gcc -E -I/opt/homebrew/opt/ncurses/include -D_DARWIN_C_SOURCE conftest.c
configure:18187: $? = 0
configure:18206: result: yes
configure:18171: checking for sys/select.h
configure:18181: gcc -E -I/opt/homebrew/opt/ncurses/include -D_DARWIN_C_SOURCE conftest.c
configure:18187: $? = 0
configure:18206: result: yes
configure:18171: checking for sys/time.h
configure:18181: gcc -E -I/opt/homebrew/opt/ncurses/include -D_DARWIN_C_SOURCE conftest.c
configure:18187: $? = 0
configure:18206: result: yes
configure:18171: checking for termios.h
configure:18181: gcc -E -I/opt/homebrew/opt/ncurses/include -D_DARWIN_C_SOURCE conftest.c
configure:18187: $? = 0
configure:18206: result: yes
configure:18171: checking for unistd.h
configure:18181: gcc -E -I/opt/homebrew/opt/ncurses/include -D_DARWIN_C_SOURCE conftest.c
configure:18187: $? = 0
configure:18206: result: yes
configure:18219: checking for unistd.h
configure:18254: result: yes
configure:18219: checking for getopt.h
configure:18254: result: yes
configure:18264: checking for header declaring getopt variables
configure:18287: gcc -c -g -O2 -Qunused-arguments -Wno-error=implicit-function-declaration -I/opt/homebrew/opt/ncurses/include -D_DARWIN_C_SOURCE conftest.c >&5
configure:18280:9: error: use of undeclared identifier 'optind'
int x = optind; char *y = optarg; (void)x; (void)y
        ^
configure:18280:27: error: use of undeclared identifier 'optarg'
int x = optind; char *y = optarg; (void)x; (void)y
                          ^
2 errors generated.
configure:18290: $? = 1
configure: failed program was:
#line 18274 "configure"
#include "confdefs.h"

#include <stdio.h>
int
main (void)
{
int x = optind; char *y = optarg; (void)x; (void)y
  ;
  return 0;
}
configure:18287: gcc -c -g -O2 -Qunused-arguments -Wno-error=implicit-function-declaration -I/opt/homebrew/opt/ncurses/include -D_DARWIN_C_SOURCE conftest.c >&5
configure:18280:9: error: use of undeclared identifier 'optind'
int x = optind; char *y = optarg; (void)x; (void)y
        ^
configure:18280:27: error: use of undeclared identifier 'optarg'
int x = optind; char *y = optarg; (void)x; (void)y
                          ^
2 errors generated.
configure:18290: $? = 1
configure: failed program was:
#line 18274 "configure"
#include "confdefs.h"

#include <stdlib.h>
int
main (void)
{
int x = optind; char *y = optarg; (void)x; (void)y
  ;
  return 0;
}
configure:18287: gcc -c -g -O2 -Qunused-arguments -Wno-error=implicit-function-declaration -I/opt/homebrew/opt/ncurses/include -D_DARWIN_C_SOURCE conftest.c >&5
configure:18290: $? = 0
configure:18293: test -s conftest.o
configure:18296: $? = 0
configure:18308: result: unistd.h
configure:18335: checking for getopt
configure:18372: gcc -o conftest -g -O2 -Qunused-arguments -Wno-error=implicit-function-declaration -I/opt/homebrew/opt/ncurses/include -D_DARWIN_C_SOURCE -L/opt/homebrew/opt/ncurses/lib conftest.c -lform -lmenu -lpanel -lncurses  >&5
configure:18375: $? = 0
configure:18378: test -s conftest
configure:18381: $? = 0
configure:18391: result: yes
configure:18335: checking for gettimeofday
configure:18372: gcc -o conftest -g -O2 -Qunused-arguments -Wno-error=implicit-function-declaration -I/opt/homebrew/opt/ncurses/include -D_DARWIN_C_SOURCE -L/opt/homebrew/opt/ncurses/lib conftest.c -lform -lmenu -lpanel -lncurses  >&5
configure:18375: $? = 0
configure:18378: test -s conftest
configure:18381: $? = 0
configure:18391: result: yes
configure:18335: checking for snprintf
configure:18372: gcc -o conftest -g -O2 -Qunused-arguments -Wno-error=implicit-function-declaration -I/opt/homebrew/opt/ncurses/include -D_DARWIN_C_SOURCE -L/opt/homebrew/opt/ncurses/lib conftest.c -lform -lmenu -lpanel -lncurses  >&5
configure:18352:6: warning: incompatible redeclaration of library function 'snprintf' [-Wincompatible-library-redeclaration]
char snprintf (void);
     ^
configure:18352:6: note: 'snprintf' is a builtin with type 'int (char *, unsigned long, const char *, ...)'
1 warning generated.
configure:18375: $? = 0
configure:18378: test -s conftest
configure:18381: $? = 0
configure:18391: result: yes
configure:18335: checking for strdup
configure:18372: gcc -o conftest -g -O2 -Qunused-arguments -Wno-error=implicit-function-declaration -I/opt/homebrew/opt/ncurses/include -D_DARWIN_C_SOURCE -L/opt/homebrew/opt/ncurses/lib conftest.c -lform -lmenu -lpanel -lncurses  >&5
configure:18352:6: warning: incompatible redeclaration of library function 'strdup' [-Wincompatible-library-redeclaration]
char strdup (void);
     ^
configure:18352:6: note: 'strdup' is a builtin with type 'char *(const char *)'
1 warning generated.
configure:18375: $? = 0
configure:18378: test -s conftest
configure:18381: $? = 0
configure:18391: result: yes
configure:18335: checking for strstr
configure:18372: gcc -o conftest -g -O2 -Qunused-arguments -Wno-error=implicit-function-declaration -I/opt/homebrew/opt/ncurses/include -D_DARWIN_C_SOURCE -L/opt/homebrew/opt/ncurses/lib conftest.c -lform -lmenu -lpanel -lncurses  >&5
configure:18352:6: warning: incompatible redeclaration of library function 'strstr' [-Wincompatible-library-redeclaration]
char strstr (void);
     ^
configure:18352:6: note: 'strstr' is a builtin with type 'char *(const char *, const char *)'
1 warning generated.
configure:18375: $? = 0
configure:18378: test -s conftest
configure:18381: $? = 0
configure:18391: result: yes
configure:18335: checking for tsearch
configure:18372: gcc -o conftest -g -O2 -Qunused-arguments -Wno-error=implicit-function-declaration -I/opt/homebrew/opt/ncurses/include -D_DARWIN_C_SOURCE -L/opt/homebrew/opt/ncurses/lib conftest.c -lform -lmenu -lpanel -lncurses  >&5
configure:18375: $? = 0
configure:18378: test -s conftest
configure:18381: $? = 0
configure:18391: result: yes
configure:18402: checking if we can use termcap.h
configure:18430: gcc -c -g -O2 -Qunused-arguments -Wno-error=implicit-function-declaration -I/opt/homebrew/opt/ncurses/include -D_DARWIN_C_SOURCE conftest.c >&5
configure:18433: $? = 0
configure:18436: test -s conftest.o
configure:18439: $? = 0
configure:18449: result: yes
configure:18535: checking for mblen
configure:18572: gcc -o conftest -g -O2 -Qunused-arguments -Wno-error=implicit-function-declaration -I/opt/homebrew/opt/ncurses/include -D_DARWIN_C_SOURCE -L/opt/homebrew/opt/ncurses/lib conftest.c -lform -lmenu -lpanel -lncurses  >&5
configure:18575: $? = 0
configure:18578: test -s conftest
configure:18581: $? = 0
configure:18591: result: yes
configure:18535: checking for mbrlen
configure:18572: gcc -o conftest -g -O2 -Qunused-arguments -Wno-error=implicit-function-declaration -I/opt/homebrew/opt/ncurses/include -D_DARWIN_C_SOURCE -L/opt/homebrew/opt/ncurses/lib conftest.c -lform -lmenu -lpanel -lncurses  >&5
configure:18575: $? = 0
configure:18578: test -s conftest
configure:18581: $? = 0
configure:18591: result: yes
configure:18535: checking for mbrtowc
configure:18572: gcc -o conftest -g -O2 -Qunused-arguments -Wno-error=implicit-function-declaration -I/opt/homebrew/opt/ncurses/include -D_DARWIN_C_SOURCE -L/opt/homebrew/opt/ncurses/lib conftest.c -lform -lmenu -lpanel -lncurses  >&5
configure:18575: $? = 0
configure:18578: test -s conftest
configure:18581: $? = 0
configure:18591: result: yes
configure:18535: checking for mbsrtowcs
configure:18572: gcc -o conftest -g -O2 -Qunused-arguments -Wno-error=implicit-function-declaration -I/opt/homebrew/opt/ncurses/include -D_DARWIN_C_SOURCE -L/opt/homebrew/opt/ncurses/lib conftest.c -lform -lmenu -lpanel -lncurses  >&5
configure:18575: $? = 0
configure:18578: test -s conftest
configure:18581: $? = 0
configure:18591: result: yes
configure:18535: checking for mbstowcs
configure:18572: gcc -o conftest -g -O2 -Qunused-arguments -Wno-error=implicit-function-declaration -I/opt/homebrew/opt/ncurses/include -D_DARWIN_C_SOURCE -L/opt/homebrew/opt/ncurses/lib conftest.c -lform -lmenu -lpanel -lncurses  >&5
configure:18575: $? = 0
configure:18578: test -s conftest
configure:18581: $? = 0
configure:18591: result: yes
configure:18535: checking for mbtowc
configure:18572: gcc -o conftest -g -O2 -Qunused-arguments -Wno-error=implicit-function-declaration -I/opt/homebrew/opt/ncurses/include -D_DARWIN_C_SOURCE -L/opt/homebrew/opt/ncurses/lib conftest.c -lform -lmenu -lpanel -lncurses  >&5
configure:18575: $? = 0
configure:18578: test -s conftest
configure:18581: $? = 0
configure:18591: result: yes
configure:18535: checking for wcsrtombs
configure:18572: gcc -o conftest -g -O2 -Qunused-arguments -Wno-error=implicit-function-declaration -I/opt/homebrew/opt/ncurses/include -D_DARWIN_C_SOURCE -L/opt/homebrew/opt/ncurses/lib conftest.c -lform -lmenu -lpanel -lncurses  >&5
configure:18575: $? = 0
configure:18578: test -s conftest
configure:18581: $? = 0
configure:18591: result: yes
configure:18535: checking for wcstombs
configure:18572: gcc -o conftest -g -O2 -Qunused-arguments -Wno-error=implicit-function-declaration -I/opt/homebrew/opt/ncurses/include -D_DARWIN_C_SOURCE -L/opt/homebrew/opt/ncurses/lib conftest.c -lform -lmenu -lpanel -lncurses  >&5
configure:18575: $? = 0
configure:18578: test -s conftest
configure:18581: $? = 0
configure:18591: result: yes
configure:18603: checking definition to turn on extended curses functions
configure:18643: gcc -o conftest -g -O2 -Qunused-arguments -Wno-error=implicit-function-declaration -I/opt/homebrew/opt/ncurses/include -D_DARWIN_C_SOURCE -L/opt/homebrew/opt/ncurses/lib conftest.c -lform -lmenu -lpanel -lncurses  >&5
configure:18625:1: error: use of undeclared identifier 'make'
make an error   /* prefer to fall-through on the second checks */
^
configure:18628:36: error: use of undeclared identifier 'check'; did you mean 'check2'?
        int check2 = curs_set((int)sizeof(check));
                                          ^~~~~
                                          check2
configure:18628:6: note: 'check2' declared here
        int check2 = curs_set((int)sizeof(check));
            ^
2 errors generated.
configure:18646: $? = 1
configure: failed program was:
#line 18611 "configure"
#include "confdefs.h"

#include <stdlib.h>
#include <ncurses.h>
int
main (void)
{

#if defined(NCURSES_VERSION_PATCH)
#if (NCURSES_VERSION_PATCH < 20100501) && (NCURSES_VERSION_PATCH >= 20100403)
	make an error
#endif
#endif
#ifdef NCURSES_WIDECHAR
make an error	/* prefer to fall-through on the second checks */
#endif
	cchar_t check;
	int check2 = curs_set((int)sizeof(check));
	long x = winnstr(stdscr, "", 0);
	int x1, y1;
	(void)check2;
	getbegyx(stdscr, y1, x1);
	(void)x;
	(void)y1;
	(void)x1;

  ;
  return 0;
}
configure:18687: gcc -o conftest -g -O2 -Qunused-arguments -Wno-error=implicit-function-declaration -I/opt/homebrew/opt/ncurses/include -D_DARWIN_C_SOURCE -L/opt/homebrew/opt/ncurses/lib conftest.c -lform -lmenu -lpanel -lncurses  >&5
configure:18690: $? = 0
configure:18693: test -s conftest
configure:18696: $? = 0
configure:18710: result: _XOPEN_SOURCE_EXTENDED
configure:18722: checking for term.h
configure:18827: result: term.h
configure:18854: checking for unctrl.h
configure:18889: gcc -c -g -O2 -Qunused-arguments -Wno-error=implicit-function-declaration -I/opt/homebrew/opt/ncurses/include -D_DARWIN_C_SOURCE -D_XOPEN_SOURCE_EXTENDED conftest.c >&5
configure:18892: $? = 0
configure:18895: test -s conftest.o
configure:18898: $? = 0
configure:18911: result: unctrl.h
configure:19008: checking for alloc_pair
configure:19011: testing alloc_pair ...
configure:19053: gcc -o conftest -g -O2 -Qunused-arguments -Wno-error=implicit-function-declaration -I/opt/homebrew/opt/ncurses/include -D_DARWIN_C_SOURCE -D_XOPEN_SOURCE_EXTENDED -L/opt/homebrew/opt/ncurses/lib conftest.c -lform -lmenu -lpanel -lncurses  >&5
configure:19056: $? = 0
configure:19059: test -s conftest
configure:19062: $? = 0
configure:19078: result: yes
configure:19008: checking for assume_default_colors
configure:19011: testing assume_default_colors ...
configure:19053: gcc -o conftest -g -O2 -Qunused-arguments -Wno-error=implicit-function-declaration -I/opt/homebrew/opt/ncurses/include -D_DARWIN_C_SOURCE -D_XOPEN_SOURCE_EXTENDED -L/opt/homebrew/opt/ncurses/lib conftest.c -lform -lmenu -lpanel -lncurses  >&5
configure:19056: $? = 0
configure:19059: test -s conftest
configure:19062: $? = 0
configure:19078: result: yes
configure:19008: checking for chgat
configure:19011: testing chgat ...
configure:19053: gcc -o conftest -g -O2 -Qunused-arguments -Wno-error=implicit-function-declaration -I/opt/homebrew/opt/ncurses/include -D_DARWIN_C_SOURCE -D_XOPEN_SOURCE_EXTENDED -L/opt/homebrew/opt/ncurses/lib conftest.c -lform -lmenu -lpanel -lncurses  >&5
configure:19056: $? = 0
configure:19059: test -s conftest
configure:19062: $? = 0
configure:19078: result: yes
configure:19008: checking for color_content
configure:19011: testing color_content ...
configure:19053: gcc -o conftest -g -O2 -Qunused-arguments -Wno-error=implicit-function-declaration -I/opt/homebrew/opt/ncurses/include -D_DARWIN_C_SOURCE -D_XOPEN_SOURCE_EXTENDED -L/opt/homebrew/opt/ncurses/lib conftest.c -lform -lmenu -lpanel -lncurses  >&5
configure:19056: $? = 0
configure:19059: test -s conftest
configure:19062: $? = 0
configure:19078: result: yes
configure:19008: checking for color_set
configure:19011: testing color_set ...
configure:19053: gcc -o conftest -g -O2 -Qunused-arguments -Wno-error=implicit-function-declaration -I/opt/homebrew/opt/ncurses/include -D_DARWIN_C_SOURCE -D_XOPEN_SOURCE_EXTENDED -L/opt/homebrew/opt/ncurses/lib conftest.c -lform -lmenu -lpanel -lncurses  >&5
configure:19056: $? = 0
configure:19059: test -s conftest
configure:19062: $? = 0
configure:19078: result: yes
configure:19008: checking for copywin
configure:19011: testing copywin ...
configure:19053: gcc -o conftest -g -O2 -Qunused-arguments -Wno-error=implicit-function-declaration -I/opt/homebrew/opt/ncurses/include -D_DARWIN_C_SOURCE -D_XOPEN_SOURCE_EXTENDED -L/opt/homebrew/opt/ncurses/lib conftest.c -lform -lmenu -lpanel -lncurses  >&5
configure:19056: $? = 0
configure:19059: test -s conftest
configure:19062: $? = 0
configure:19078: result: yes
configure:19008: checking for delscreen
configure:19011: testing delscreen ...
configure:19053: gcc -o conftest -g -O2 -Qunused-arguments -Wno-error=implicit-function-declaration -I/opt/homebrew/opt/ncurses/include -D_DARWIN_C_SOURCE -D_XOPEN_SOURCE_EXTENDED -L/opt/homebrew/opt/ncurses/lib conftest.c -lform -lmenu -lpanel -lncurses  >&5
configure:19056: $? = 0
configure:19059: test -s conftest
configure:19062: $? = 0
configure:19078: result: yes
configure:19008: checking for dupwin
configure:19011: testing dupwin ...
configure:19053: gcc -o conftest -g -O2 -Qunused-arguments -Wno-error=implicit-function-declaration -I/opt/homebrew/opt/ncurses/include -D_DARWIN_C_SOURCE -D_XOPEN_SOURCE_EXTENDED -L/opt/homebrew/opt/ncurses/lib conftest.c -lform -lmenu -lpanel -lncurses  >&5
configure:19056: $? = 0
configure:19059: test -s conftest
configure:19062: $? = 0
configure:19078: result: yes
configure:19008: checking for exit_curses
configure:19011: testing exit_curses ...
configure:19053: gcc -o conftest -g -O2 -Qunused-arguments -Wno-error=implicit-function-declaration -I/opt/homebrew/opt/ncurses/include -D_DARWIN_C_SOURCE -D_XOPEN_SOURCE_EXTENDED -L/opt/homebrew/opt/ncurses/lib conftest.c -lform -lmenu -lpanel -lncurses  >&5
configure:19056: $? = 0
configure:19059: test -s conftest
configure:19062: $? = 0
configure:19078: result: yes
configure:19008: checking for exit_terminfo
configure:19011: testing exit_terminfo ...
configure:19053: gcc -o conftest -g -O2 -Qunused-arguments -Wno-error=implicit-function-declaration -I/opt/homebrew/opt/ncurses/include -D_DARWIN_C_SOURCE -D_XOPEN_SOURCE_EXTENDED -L/opt/homebrew/opt/ncurses/lib conftest.c -lform -lmenu -lpanel -lncurses  >&5
configure:19056: $? = 0
configure:19059: test -s conftest
configure:19062: $? = 0
configure:19078: result: yes
configure:19008: checking for filter
configure:19011: testing filter ...
configure:19053: gcc -o conftest -g -O2 -Qunused-arguments -Wno-error=implicit-function-declaration -I/opt/homebrew/opt/ncurses/include -D_DARWIN_C_SOURCE -D_XOPEN_SOURCE_EXTENDED -L/opt/homebrew/opt/ncurses/lib conftest.c -lform -lmenu -lpanel -lncurses  >&5
configure:19056: $? = 0
configure:19059: test -s conftest
configure:19062: $? = 0
configure:19078: result: yes
configure:19008: checking for getbegx
configure:19011: testing getbegx ...
configure:19053: gcc -o conftest -g -O2 -Qunused-arguments -Wno-error=implicit-function-declaration -I/opt/homebrew/opt/ncurses/include -D_DARWIN_C_SOURCE -D_XOPEN_SOURCE_EXTENDED -L/opt/homebrew/opt/ncurses/lib conftest.c -lform -lmenu -lpanel -lncurses  >&5
configure:19056: $? = 0
configure:19059: test -s conftest
configure:19062: $? = 0
configure:19078: result: yes
configure:19008: checking for getcurx
configure:19011: testing getcurx ...
configure:19053: gcc -o conftest -g -O2 -Qunused-arguments -Wno-error=implicit-function-declaration -I/opt/homebrew/opt/ncurses/include -D_DARWIN_C_SOURCE -D_XOPEN_SOURCE_EXTENDED -L/opt/homebrew/opt/ncurses/lib conftest.c -lform -lmenu -lpanel -lncurses  >&5
configure:19056: $? = 0
configure:19059: test -s conftest
configure:19062: $? = 0
configure:19078: result: yes
configure:19008: checking for getmaxx
configure:19011: testing getmaxx ...
configure:19053: gcc -o conftest -g -O2 -Qunused-arguments -Wno-error=implicit-function-declaration -I/opt/homebrew/opt/ncurses/include -D_DARWIN_C_SOURCE -D_XOPEN_SOURCE_EXTENDED -L/opt/homebrew/opt/ncurses/lib conftest.c -lform -lmenu -lpanel -lncurses  >&5
configure:19056: $? = 0
configure:19059: test -s conftest
configure:19062: $? = 0
configure:19078: result: yes
configure:19008: checking for getnstr
configure:19011: testing getnstr ...
configure:19053: gcc -o conftest -g -O2 -Qunused-arguments -Wno-error=implicit-function-declaration -I/opt/homebrew/opt/ncurses/include -D_DARWIN_C_SOURCE -D_XOPEN_SOURCE_EXTENDED -L/opt/homebrew/opt/ncurses/lib conftest.c -lform -lmenu -lpanel -lncurses  >&5
configure:19056: $? = 0
configure:19059: test -s conftest
configure:19062: $? = 0
configure:19078: result: yes
configure:19008: checking for getparx
configure:19011: testing getparx ...
configure:19053: gcc -o conftest -g -O2 -Qunused-arguments -Wno-error=implicit-function-declaration -I/opt/homebrew/opt/ncurses/include -D_DARWIN_C_SOURCE -D_XOPEN_SOURCE_EXTENDED -L/opt/homebrew/opt/ncurses/lib conftest.c -lform -lmenu -lpanel -lncurses  >&5
configure:19056: $? = 0
configure:19059: test -s conftest
configure:19062: $? = 0
configure:19078: result: yes
configure:19008: checking for getwin
configure:19011: testing getwin ...
configure:19053: gcc -o conftest -g -O2 -Qunused-arguments -Wno-error=implicit-function-declaration -I/opt/homebrew/opt/ncurses/include -D_DARWIN_C_SOURCE -D_XOPEN_SOURCE_EXTENDED -L/opt/homebrew/opt/ncurses/lib conftest.c -lform -lmenu -lpanel -lncurses  >&5
configure:19056: $? = 0
configure:19059: test -s conftest
configure:19062: $? = 0
configure:19078: result: yes
configure:19008: checking for halfdelay
configure:19011: testing halfdelay ...
configure:19053: gcc -o conftest -g -O2 -Qunused-arguments -Wno-error=implicit-function-declaration -I/opt/homebrew/opt/ncurses/include -D_DARWIN_C_SOURCE -D_XOPEN_SOURCE_EXTENDED -L/opt/homebrew/opt/ncurses/lib conftest.c -lform -lmenu -lpanel -lncurses  >&5
configure:19056: $? = 0
configure:19059: test -s conftest
configure:19062: $? = 0
configure:19078: result: yes
configure:19008: checking for init_extended_color
configure:19011: testing init_extended_color ...
configure:19053: gcc -o conftest -g -O2 -Qunused-arguments -Wno-error=implicit-function-declaration -I/opt/homebrew/opt/ncurses/include -D_DARWIN_C_SOURCE -D_XOPEN_SOURCE_EXTENDED -L/opt/homebrew/opt/ncurses/lib conftest.c -lform -lmenu -lpanel -lncurses  >&5
configure:19056: $? = 0
configure:19059: test -s conftest
configure:19062: $? = 0
configure:19078: result: yes
configure:19008: checking for mvderwin
configure:19011: testing mvderwin ...
configure:19053: gcc -o conftest -g -O2 -Qunused-arguments -Wno-error=implicit-function-declaration -I/opt/homebrew/opt/ncurses/include -D_DARWIN_C_SOURCE -D_XOPEN_SOURCE_EXTENDED -L/opt/homebrew/opt/ncurses/lib conftest.c -lform -lmenu -lpanel -lncurses  >&5
configure:19056: $? = 0
configure:19059: test -s conftest
configure:19062: $? = 0
configure:19078: result: yes
configure:19008: checking for mvvline
configure:19011: testing mvvline ...
configure:19053: gcc -o conftest -g -O2 -Qunused-arguments -Wno-error=implicit-function-declaration -I/opt/homebrew/opt/ncurses/include -D_DARWIN_C_SOURCE -D_XOPEN_SOURCE_EXTENDED -L/opt/homebrew/opt/ncurses/lib conftest.c -lform -lmenu -lpanel -lncurses  >&5
configure:19056: $? = 0
configure:19059: test -s conftest
configure:19062: $? = 0
configure:19078: result: yes
configure:19008: checking for mvwin
configure:19011: testing mvwin ...
configure:19053: gcc -o conftest -g -O2 -Qunused-arguments -Wno-error=implicit-function-declaration -I/opt/homebrew/opt/ncurses/include -D_DARWIN_C_SOURCE -D_XOPEN_SOURCE_EXTENDED -L/opt/homebrew/opt/ncurses/lib conftest.c -lform -lmenu -lpanel -lncurses  >&5
configure:19056: $? = 0
configure:19059: test -s conftest
configure:19062: $? = 0
configure:19078: result: yes
configure:19008: checking for mvwvline
configure:19011: testing mvwvline ...
configure:19053: gcc -o conftest -g -O2 -Qunused-arguments -Wno-error=implicit-function-declaration -I/opt/homebrew/opt/ncurses/include -D_DARWIN_C_SOURCE -D_XOPEN_SOURCE_EXTENDED -L/opt/homebrew/opt/ncurses/lib conftest.c -lform -lmenu -lpanel -lncurses  >&5
configure:19056: $? = 0
configure:19059: test -s conftest
configure:19062: $? = 0
configure:19078: result: yes
configure:19008: checking for napms
configure:19011: testing napms ...
configure:19053: gcc -o conftest -g -O2 -Qunused-arguments -Wno-error=implicit-function-declaration -I/opt/homebrew/opt/ncurses/include -D_DARWIN_C_SOURCE -D_XOPEN_SOURCE_EXTENDED -L/opt/homebrew/opt/ncurses/lib conftest.c -lform -lmenu -lpanel -lncurses  >&5
configure:19056: $? = 0
configure:19059: test -s conftest
configure:19062: $? = 0
configure:19078: result: yes
configure:19008: checking for newpad
configure:19011: testing newpad ...
configure:19053: gcc -o conftest -g -O2 -Qunused-arguments -Wno-error=implicit-function-declaration -I/opt/homebrew/opt/ncurses/include -D_DARWIN_C_SOURCE -D_XOPEN_SOURCE_EXTENDED -L/opt/homebrew/opt/ncurses/lib conftest.c -lform -lmenu -lpanel -lncurses  >&5
configure:19056: $? = 0
configure:19059: test -s conftest
configure:19062: $? = 0
configure:19078: result: yes
configure:19008: checking for putwin
configure:19011: testing putwin ...
configure:19053: gcc -o conftest -g -O2 -Qunused-arguments -Wno-error=implicit-function-declaration -I/opt/homebrew/opt/ncurses/include -D_DARWIN_C_SOURCE -D_XOPEN_SOURCE_EXTENDED -L/opt/homebrew/opt/ncurses/lib conftest.c -lform -lmenu -lpanel -lncurses  >&5
configure:19056: $? = 0
configure:19059: test -s conftest
configure:19062: $? = 0
configure:19078: result: yes
configure:19008: checking for reset_color_pairs
configure:19011: testing reset_color_pairs ...
configure:19053: gcc -o conftest -g -O2 -Qunused-arguments -Wno-error=implicit-function-declaration -I/opt/homebrew/opt/ncurses/include -D_DARWIN_C_SOURCE -D_XOPEN_SOURCE_EXTENDED -L/opt/homebrew/opt/ncurses/lib conftest.c -lform -lmenu -lpanel -lncurses  >&5
configure:19056: $? = 0
configure:19059: test -s conftest
configure:19062: $? = 0
configure:19078: result: yes
configure:19008: checking for resize_term
configure:19011: testing resize_term ...
configure:19053: gcc -o conftest -g -O2 -Qunused-arguments -Wno-error=implicit-function-declaration -I/opt/homebrew/opt/ncurses/include -D_DARWIN_C_SOURCE -D_XOPEN_SOURCE_EXTENDED -L/opt/homebrew/opt/ncurses/lib conftest.c -lform -lmenu -lpanel -lncurses  >&5
configure:19056: $? = 0
configure:19059: test -s conftest
configure:19062: $? = 0
configure:19078: result: yes
configure:19008: checking for resizeterm
configure:19011: testing resizeterm ...
configure:19053: gcc -o conftest -g -O2 -Qunused-arguments -Wno-error=implicit-function-declaration -I/opt/homebrew/opt/ncurses/include -D_DARWIN_C_SOURCE -D_XOPEN_SOURCE_EXTENDED -L/opt/homebrew/opt/ncurses/lib conftest.c -lform -lmenu -lpanel -lncurses  >&5
configure:19056: $? = 0
configure:19059: test -s conftest
configure:19062: $? = 0
configure:19078: result: yes
configure:19008: checking for restartterm
configure:19011: testing restartterm ...
configure:19053: gcc -o conftest -g -O2 -Qunused-arguments -Wno-error=implicit-function-declaration -I/opt/homebrew/opt/ncurses/include -D_DARWIN_C_SOURCE -D_XOPEN_SOURCE_EXTENDED -L/opt/homebrew/opt/ncurses/lib conftest.c -lform -lmenu -lpanel -lncurses  >&5
configure:19056: $? = 0
configure:19059: test -s conftest
configure:19062: $? = 0
configure:19078: result: yes
configure:19008: checking for ripoffline
configure:19011: testing ripoffline ...
configure:19053: gcc -o conftest -g -O2 -Qunused-arguments -Wno-error=implicit-function-declaration -I/opt/homebrew/opt/ncurses/include -D_DARWIN_C_SOURCE -D_XOPEN_SOURCE_EXTENDED -L/opt/homebrew/opt/ncurses/lib conftest.c -lform -lmenu -lpanel -lncurses  >&5
configure:19056: $? = 0
configure:19059: test -s conftest
configure:19062: $? = 0
configure:19078: result: yes
configure:19008: checking for scr_dump
configure:19011: testing scr_dump ...
configure:19053: gcc -o conftest -g -O2 -Qunused-arguments -Wno-error=implicit-function-declaration -I/opt/homebrew/opt/ncurses/include -D_DARWIN_C_SOURCE -D_XOPEN_SOURCE_EXTENDED -L/opt/homebrew/opt/ncurses/lib conftest.c -lform -lmenu -lpanel -lncurses  >&5
configure:19056: $? = 0
configure:19059: test -s conftest
configure:19062: $? = 0
configure:19078: result: yes
configure:19008: checking for setupterm
configure:19011: testing setupterm ...
configure:19053: gcc -o conftest -g -O2 -Qunused-arguments -Wno-error=implicit-function-declaration -I/opt/homebrew/opt/ncurses/include -D_DARWIN_C_SOURCE -D_XOPEN_SOURCE_EXTENDED -L/opt/homebrew/opt/ncurses/lib conftest.c -lform -lmenu -lpanel -lncurses  >&5
configure:19056: $? = 0
configure:19059: test -s conftest
configure:19062: $? = 0
configure:19078: result: yes
configure:19008: checking for slk_color
configure:19011: testing slk_color ...
configure:19053: gcc -o conftest -g -O2 -Qunused-arguments -Wno-error=implicit-function-declaration -I/opt/homebrew/opt/ncurses/include -D_DARWIN_C_SOURCE -D_XOPEN_SOURCE_EXTENDED -L/opt/homebrew/opt/ncurses/lib conftest.c -lform -lmenu -lpanel -lncurses  >&5
configure:19056: $? = 0
configure:19059: test -s conftest
configure:19062: $? = 0
configure:19078: result: yes
configure:19008: checking for slk_init
configure:19011: testing slk_init ...
configure:19053: gcc -o conftest -g -O2 -Qunused-arguments -Wno-error=implicit-function-declaration -I/opt/homebrew/opt/ncurses/include -D_DARWIN_C_SOURCE -D_XOPEN_SOURCE_EXTENDED -L/opt/homebrew/opt/ncurses/lib conftest.c -lform -lmenu -lpanel -lncurses  >&5
configure:19056: $? = 0
configure:19059: test -s conftest
configure:19062: $? = 0
configure:19078: result: yes
configure:19008: checking for termattrs
configure:19011: testing termattrs ...
configure:19053: gcc -o conftest -g -O2 -Qunused-arguments -Wno-error=implicit-function-declaration -I/opt/homebrew/opt/ncurses/include -D_DARWIN_C_SOURCE -D_XOPEN_SOURCE_EXTENDED -L/opt/homebrew/opt/ncurses/lib conftest.c -lform -lmenu -lpanel -lncurses  >&5
configure:19056: $? = 0
configure:19059: test -s conftest
configure:19062: $? = 0
configure:19078: result: yes
configure:19008: checking for termname
configure:19011: testing termname ...
configure:19053: gcc -o conftest -g -O2 -Qunused-arguments -Wno-error=implicit-function-declaration -I/opt/homebrew/opt/ncurses/include -D_DARWIN_C_SOURCE -D_XOPEN_SOURCE_EXTENDED -L/opt/homebrew/opt/ncurses/lib conftest.c -lform -lmenu -lpanel -lncurses  >&5
configure:19056: $? = 0
configure:19059: test -s conftest
configure:19062: $? = 0
configure:19078: result: yes
configure:19008: checking for tgetent
configure:19011: testing tgetent ...
configure:19053: gcc -o conftest -g -O2 -Qunused-arguments -Wno-error=implicit-function-declaration -I/opt/homebrew/opt/ncurses/include -D_DARWIN_C_SOURCE -D_XOPEN_SOURCE_EXTENDED -L/opt/homebrew/opt/ncurses/lib conftest.c -lform -lmenu -lpanel -lncurses  >&5
configure:19056: $? = 0
configure:19059: test -s conftest
configure:19062: $? = 0
configure:19078: result: yes
configure:19008: checking for tigetnum
configure:19011: testing tigetnum ...
configure:19053: gcc -o conftest -g -O2 -Qunused-arguments -Wno-error=implicit-function-declaration -I/opt/homebrew/opt/ncurses/include -D_DARWIN_C_SOURCE -D_XOPEN_SOURCE_EXTENDED -L/opt/homebrew/opt/ncurses/lib conftest.c -lform -lmenu -lpanel -lncurses  >&5
configure:19056: $? = 0
configure:19059: test -s conftest
configure:19062: $? = 0
configure:19078: result: yes
configure:19008: checking for tigetstr
configure:19011: testing tigetstr ...
configure:19053: gcc -o conftest -g -O2 -Qunused-arguments -Wno-error=implicit-function-declaration -I/opt/homebrew/opt/ncurses/include -D_DARWIN_C_SOURCE -D_XOPEN_SOURCE_EXTENDED -L/opt/homebrew/opt/ncurses/lib conftest.c -lform -lmenu -lpanel -lncurses  >&5
configure:19056: $? = 0
configure:19059: test -s conftest
configure:19062: $? = 0
configure:19078: result: yes
configure:19008: checking for tputs_sp
configure:19011: testing tputs_sp ...
configure:19053: gcc -o conftest -g -O2 -Qunused-arguments -Wno-error=implicit-function-declaration -I/opt/homebrew/opt/ncurses/include -D_DARWIN_C_SOURCE -D_XOPEN_SOURCE_EXTENDED -L/opt/homebrew/opt/ncurses/lib conftest.c -lform -lmenu -lpanel -lncurses  >&5
configure:19056: $? = 0
configure:19059: test -s conftest
configure:19062: $? = 0
configure:19078: result: yes
configure:19008: checking for typeahead
configure:19011: testing typeahead ...
configure:19053: gcc -o conftest -g -O2 -Qunused-arguments -Wno-error=implicit-function-declaration -I/opt/homebrew/opt/ncurses/include -D_DARWIN_C_SOURCE -D_XOPEN_SOURCE_EXTENDED -L/opt/homebrew/opt/ncurses/lib conftest.c -lform -lmenu -lpanel -lncurses  >&5
configure:19056: $? = 0
configure:19059: test -s conftest
configure:19062: $? = 0
configure:19078: result: yes
configure:19008: checking for use_default_colors
configure:19011: testing use_default_colors ...
configure:19053: gcc -o conftest -g -O2 -Qunused-arguments -Wno-error=implicit-function-declaration -I/opt/homebrew/opt/ncurses/include -D_DARWIN_C_SOURCE -D_XOPEN_SOURCE_EXTENDED -L/opt/homebrew/opt/ncurses/lib conftest.c -lform -lmenu -lpanel -lncurses  >&5
configure:19056: $? = 0
configure:19059: test -s conftest
configure:19062: $? = 0
configure:19078: result: yes
configure:19008: checking for use_env
configure:19011: testing use_env ...
configure:19053: gcc -o conftest -g -O2 -Qunused-arguments -Wno-error=implicit-function-declaration -I/opt/homebrew/opt/ncurses/include -D_DARWIN_C_SOURCE -D_XOPEN_SOURCE_EXTENDED -L/opt/homebrew/opt/ncurses/lib conftest.c -lform -lmenu -lpanel -lncurses  >&5
configure:19056: $? = 0
configure:19059: test -s conftest
configure:19062: $? = 0
configure:19078: result: yes
configure:19008: checking for use_extended_names
configure:19011: testing use_extended_names ...
configure:19053: gcc -o conftest -g -O2 -Qunused-arguments -Wno-error=implicit-function-declaration -I/opt/homebrew/opt/ncurses/include -D_DARWIN_C_SOURCE -D_XOPEN_SOURCE_EXTENDED -L/opt/homebrew/opt/ncurses/lib conftest.c -lform -lmenu -lpanel -lncurses  >&5
configure:19056: $? = 0
configure:19059: test -s conftest
configure:19062: $? = 0
configure:19078: result: yes
configure:19008: checking for use_screen
configure:19011: testing use_screen ...
configure:19053: gcc -o conftest -g -O2 -Qunused-arguments -Wno-error=implicit-function-declaration -I/opt/homebrew/opt/ncurses/include -D_DARWIN_C_SOURCE -D_XOPEN_SOURCE_EXTENDED -L/opt/homebrew/opt/ncurses/lib conftest.c -lform -lmenu -lpanel -lncurses  >&5
configure:19056: $? = 0
configure:19059: test -s conftest
configure:19062: $? = 0
configure:19078: result: yes
configure:19008: checking for use_window
configure:19011: testing use_window ...
configure:19053: gcc -o conftest -g -O2 -Qunused-arguments -Wno-error=implicit-function-declaration -I/opt/homebrew/opt/ncurses/include -D_DARWIN_C_SOURCE -D_XOPEN_SOURCE_EXTENDED -L/opt/homebrew/opt/ncurses/lib conftest.c -lform -lmenu -lpanel -lncurses  >&5
configure:19056: $? = 0
configure:19059: test -s conftest
configure:19062: $? = 0
configure:19078: result: yes
configure:19008: checking for vid_puts
configure:19011: testing vid_puts ...
configure:19053: gcc -o conftest -g -O2 -Qunused-arguments -Wno-error=implicit-function-declaration -I/opt/homebrew/opt/ncurses/include -D_DARWIN_C_SOURCE -D_XOPEN_SOURCE_EXTENDED -L/opt/homebrew/opt/ncurses/lib conftest.c -lform -lmenu -lpanel -lncurses  >&5
configure:19056: $? = 0
configure:19059: test -s conftest
configure:19062: $? = 0
configure:19078: result: yes
configure:19008: checking for vidputs
configure:19011: testing vidputs ...
configure:19053: gcc -o conftest -g -O2 -Qunused-arguments -Wno-error=implicit-function-declaration -I/opt/homebrew/opt/ncurses/include -D_DARWIN_C_SOURCE -D_XOPEN_SOURCE_EXTENDED -L/opt/homebrew/opt/ncurses/lib conftest.c -lform -lmenu -lpanel -lncurses  >&5
configure:19056: $? = 0
configure:19059: test -s conftest
configure:19062: $? = 0
configure:19078: result: yes
configure:19008: checking for vsscanf
configure:19011: testing vsscanf ...
configure:19053: gcc -o conftest -g -O2 -Qunused-arguments -Wno-error=implicit-function-declaration -I/opt/homebrew/opt/ncurses/include -D_DARWIN_C_SOURCE -D_XOPEN_SOURCE_EXTENDED -L/opt/homebrew/opt/ncurses/lib conftest.c -lform -lmenu -lpanel -lncurses  >&5
configure:19056: $? = 0
configure:19059: test -s conftest
configure:19062: $? = 0
configure:19078: result: yes
configure:19008: checking for vw_printw
configure:19011: testing vw_printw ...
configure:19053: gcc -o conftest -g -O2 -Qunused-arguments -Wno-error=implicit-function-declaration -I/opt/homebrew/opt/ncurses/include -D_DARWIN_C_SOURCE -D_XOPEN_SOURCE_EXTENDED -L/opt/homebrew/opt/ncurses/lib conftest.c -lform -lmenu -lpanel -lncurses  >&5
configure:19056: $? = 0
configure:19059: test -s conftest
configure:19062: $? = 0
configure:19078: result: yes
configure:19008: checking for wchgat
configure:19011: testing wchgat ...
configure:19053: gcc -o conftest -g -O2 -Qunused-arguments -Wno-error=implicit-function-declaration -I/opt/homebrew/opt/ncurses/include -D_DARWIN_C_SOURCE -D_XOPEN_SOURCE_EXTENDED -L/opt/homebrew/opt/ncurses/lib conftest.c -lform -lmenu -lpanel -lncurses  >&5
configure:19056: $? = 0
configure:19059: test -s conftest
configure:19062: $? = 0
configure:19078: result: yes
configure:19008: checking for winsdelln
configure:19011: testing winsdelln ...
configure:19053: gcc -o conftest -g -O2 -Qunused-arguments -Wno-error=implicit-function-declaration -I/opt/homebrew/opt/ncurses/include -D_DARWIN_C_SOURCE -D_XOPEN_SOURCE_EXTENDED -L/opt/homebrew/opt/ncurses/lib conftest.c -lform -lmenu -lpanel -lncurses  >&5
configure:19056: $? = 0
configure:19059: test -s conftest
configure:19062: $? = 0
configure:19078: result: yes
configure:19008: checking for winsstr
configure:19011: testing winsstr ...
configure:19053: gcc -o conftest -g -O2 -Qunused-arguments -Wno-error=implicit-function-declaration -I/opt/homebrew/opt/ncurses/include -D_DARWIN_C_SOURCE -D_XOPEN_SOURCE_EXTENDED -L/opt/homebrew/opt/ncurses/lib conftest.c -lform -lmenu -lpanel -lncurses  >&5
configure:19056: $? = 0
configure:19059: test -s conftest
configure:19062: $? = 0
configure:19078: result: yes
configure:19008: checking for wresize
configure:19011: testing wresize ...
configure:19053: gcc -o conftest -g -O2 -Qunused-arguments -Wno-error=implicit-function-declaration -I/opt/homebrew/opt/ncurses/include -D_DARWIN_C_SOURCE -D_XOPEN_SOURCE_EXTENDED -L/opt/homebrew/opt/ncurses/lib conftest.c -lform -lmenu -lpanel -lncurses  >&5
configure:19056: $? = 0
configure:19059: test -s conftest
configure:19062: $? = 0
configure:19078: result: yes
configure:19008: checking for wsyncdown
configure:19011: testing wsyncdown ...
configure:19053: gcc -o conftest -g -O2 -Qunused-arguments -Wno-error=implicit-function-declaration -I/opt/homebrew/opt/ncurses/include -D_DARWIN_C_SOURCE -D_XOPEN_SOURCE_EXTENDED -L/opt/homebrew/opt/ncurses/lib conftest.c -lform -lmenu -lpanel -lncurses  >&5
configure:19056: $? = 0
configure:19059: test -s conftest
configure:19062: $? = 0
configure:19078: result: yes
configure:19008: checking for _tracef
configure:19011: testing _tracef ...
configure:19053: gcc -o conftest -g -O2 -Qunused-arguments -Wno-error=implicit-function-declaration -I/opt/homebrew/opt/ncurses/include -D_DARWIN_C_SOURCE -D_XOPEN_SOURCE_EXTENDED -L/opt/homebrew/opt/ncurses/lib conftest.c -lform -lmenu -lpanel -lncurses  >&5
Undefined symbols for architecture arm64:
  "__tracef", referenced from:
      _main in conftest-7fa99e.o
ld: symbol(s) not found for architecture arm64
clang: error: linker command failed with exit code 1 (use -v to see invocation)
configure:19056: $? = 1
configure: failed program was:
#line 19020 "configure"
#include "confdefs.h"

#ifdef HAVE_XCURSES
#include <xcurses.h>
char * XCursesProgramName = "test";
#else
#include <ncurses.h>
#if defined(NCURSES_VERSION) && defined(HAVE_NCURSESW_TERM_H)
#include <ncursesw/term.h>
#elif defined(NCURSES_VERSION) && defined(HAVE_NCURSES_TERM_H)
#include <ncurses/term.h>
#elif defined(HAVE_TERM_H)
#include <term.h>
#endif
#endif

int
main (void)
{

#ifndef _tracef
long foo = (long)(&_tracef);
fprintf(stderr, "testing linkage of _tracef:%p\n", (void *)foo);
if (foo + 1234L > 5678L)
	return(foo != 0);
#endif

  ;
  return 0;
}
configure:19078: result: no
configure:19093: checking for tputs
configure:19096: testing tputs ...
configure:19138: gcc -o conftest -g -O2 -Qunused-arguments -Wno-error=implicit-function-declaration -I/opt/homebrew/opt/ncurses/include -D_DARWIN_C_SOURCE -D_XOPEN_SOURCE_EXTENDED -L/opt/homebrew/opt/ncurses/lib conftest.c -lform -lmenu -lpanel -lncurses  >&5
configure:19141: $? = 0
configure:19144: test -s conftest
configure:19147: $? = 0
configure:19163: result: yes
configure:19207: gcc -c -g -O2 -Qunused-arguments -Wno-error=implicit-function-declaration -I/opt/homebrew/opt/ncurses/include -D_DARWIN_C_SOURCE -D_XOPEN_SOURCE_EXTENDED conftest.c >&5
configure:19210: $? = 0
configure:19213: test -s conftest.o
configure:19216: $? = 0
configure:19221: testing prototype int func(int value) ...
configure:19241: checking for ncurses extended functions
configure:19263: gcc -c -g -O2 -Qunused-arguments -Wno-error=implicit-function-declaration -I/opt/homebrew/opt/ncurses/include -D_DARWIN_C_SOURCE -D_XOPEN_SOURCE_EXTENDED conftest.c >&5
configure:19266: $? = 0
configure:19269: test -s conftest.o
configure:19272: $? = 0
configure:19328: result: defined
configure:19342: checking if _XPG5 should be defined to enable wide-characters
configure:19359: gcc -c -g -O2 -Qunused-arguments -Wno-error=implicit-function-declaration -I/opt/homebrew/opt/ncurses/include -D_DARWIN_C_SOURCE -D_XOPEN_SOURCE_EXTENDED conftest.c >&5
configure:19352:9: error: use of undeclared identifier '_XPG5'
int x = _XPG5
        ^
1 error generated.
configure:19362: $? = 1
configure: failed program was:
#line 19346 "configure"
#include "confdefs.h"

#include <ncurses.h>
int
main (void)
{
int x = _XPG5
  ;
  return 0;
}
configure:19390: gcc -c -g -O2 -Qunused-arguments -Wno-error=implicit-function-declaration -I/opt/homebrew/opt/ncurses/include -D_DARWIN_C_SOURCE -D_XOPEN_SOURCE_EXTENDED -D_XPG5 conftest.c >&5
configure:19393: $? = 0
configure:19396: test -s conftest.o
configure:19399: $? = 0
configure:19410: result: yes
configure:19419: checking for wide-character functions
configure:19443: gcc -o conftest -g -O2 -Qunused-arguments -Wno-error=implicit-function-declaration -I/opt/homebrew/opt/ncurses/include -D_DARWIN_C_SOURCE -D_XOPEN_SOURCE_EXTENDED -D_XPG5 -L/opt/homebrew/opt/ncurses/lib conftest.c -lform -lmenu -lpanel -lncurses  >&5
configure:19446: $? = 0
configure:19449: test -s conftest
configure:19452: $? = 0
configure:19463: result: yes
configure:19484: checking if curses library uses pthreads
configure:19509: gcc -o conftest -g -O2 -Qunused-arguments -Wno-error=implicit-function-declaration -I/opt/homebrew/opt/ncurses/include -D_DARWIN_C_SOURCE -D_XOPEN_SOURCE_EXTENDED -D_XPG5 -L/opt/homebrew/opt/ncurses/lib conftest.c -lform -lmenu -lpanel -lncurses  >&5
Undefined symbols for architecture arm64:
  "__nc_init_pthreads", referenced from:
      _main in conftest-cef986.o
ld: symbol(s) not found for architecture arm64
clang: error: linker command failed with exit code 1 (use -v to see invocation)
configure:19512: $? = 1
configure: failed program was:
#line 19491 "configure"
#include "confdefs.h"

#include <ncurses.h>
extern void _nc_init_pthreads(void);

int
main (void)
{

	initscr();
	_nc_init_pthreads();

  ;
  return 0;
}
configure:19529: result: no
configure:19536: checking if sys/time.h works with sys/select.h
configure:19563: gcc -c -g -O2 -Qunused-arguments -Wno-error=implicit-function-declaration -I/opt/homebrew/opt/ncurses/include -D_DARWIN_C_SOURCE -D_XOPEN_SOURCE_EXTENDED -D_XPG5 conftest.c >&5
configure:19566: $? = 0
configure:19569: test -s conftest.o
configure:19572: $? = 0
configure:19584: result: yes
configure:19593: checking for openpty in -lutil
configure:19620: gcc -o conftest -g -O2 -Qunused-arguments -Wno-error=implicit-function-declaration -I/opt/homebrew/opt/ncurses/include -D_DARWIN_C_SOURCE -D_XOPEN_SOURCE_EXTENDED -D_XPG5 -L/opt/homebrew/opt/ncurses/lib conftest.c -lutil  -lform -lmenu -lpanel -lncurses  >&5
configure:19623: $? = 0
configure:19626: test -s conftest
configure:19629: $? = 0
configure:19640: result: yes
configure:19648: checking for openpty header
configure:19692: gcc -o conftest -g -O2 -Qunused-arguments -Wno-error=implicit-function-declaration -I/opt/homebrew/opt/ncurses/include -D_DARWIN_C_SOURCE -D_XOPEN_SOURCE_EXTENDED -D_XPG5 -L/opt/homebrew/opt/ncurses/lib conftest.c -lutil -lform -lmenu -lpanel -lncurses  >&5
configure:19677:10: fatal error: 'pty.h' file not found
#include <pty.h>
         ^~~~~~~
1 error generated.
configure:19695: $? = 1
configure: failed program was:
#line 19675 "configure"
#include "confdefs.h"

#include <pty.h>

int
main (void)
{

	int x = openpty((int *)0, (int *)0, (char *)0,
				   (struct termios *)0, (struct winsize *)0);

  ;
  return 0;
}
configure:19692: gcc -o conftest -g -O2 -Qunused-arguments -Wno-error=implicit-function-declaration -I/opt/homebrew/opt/ncurses/include -D_DARWIN_C_SOURCE -D_XOPEN_SOURCE_EXTENDED -D_XPG5 -L/opt/homebrew/opt/ncurses/lib conftest.c -lutil -lform -lmenu -lpanel -lncurses  >&5
configure:19677:10: fatal error: 'libutil.h' file not found
#include <libutil.h>
         ^~~~~~~~~~~
1 error generated.
configure:19695: $? = 1
configure: failed program was:
#line 19675 "configure"
#include "confdefs.h"

#include <libutil.h>

int
main (void)
{

	int x = openpty((int *)0, (int *)0, (char *)0,
				   (struct termios *)0, (struct winsize *)0);

  ;
  return 0;
}
configure:19692: gcc -o conftest -g -O2 -Qunused-arguments -Wno-error=implicit-function-declaration -I/opt/homebrew/opt/ncurses/include -D_DARWIN_C_SOURCE -D_XOPEN_SOURCE_EXTENDED -D_XPG5 -L/opt/homebrew/opt/ncurses/lib conftest.c -lutil -lform -lmenu -lpanel -lncurses  >&5
configure:19695: $? = 0
configure:19698: test -s conftest
configure:19701: $? = 0
configure:19719: result: util.h
configure:19753: checking for function curses_version
configure:19776: gcc -o conftest -g -O2 -Qunused-arguments -Wno-error=implicit-function-declaration -I/opt/homebrew/opt/ncurses/include -D_DARWIN_C_SOURCE -D_XOPEN_SOURCE_EXTENDED -D_XPG5 -L/opt/homebrew/opt/ncurses/lib conftest.c -lform -lmenu -lpanel -lncurses  >&5
configure:19779: $? = 0
configure:19781: ./conftest
configure:19784: $? = 0
configure:19799: result: yes
configure:19806: checking for alternate character set array
configure:19832: gcc -o conftest -g -O2 -Qunused-arguments -Wno-error=implicit-function-declaration -I/opt/homebrew/opt/ncurses/include -D_DARWIN_C_SOURCE -D_XOPEN_SOURCE_EXTENDED -D_XPG5 -L/opt/homebrew/opt/ncurses/lib conftest.c -lform -lmenu -lpanel -lncurses  >&5
configure:19835: $? = 0
configure:19838: test -s conftest
configure:19841: $? = 0
configure:19852: result: acs_map
configure:19862: checking for wide alternate character set array
configure:19888: gcc -o conftest -g -O2 -Qunused-arguments -Wno-error=implicit-function-declaration -I/opt/homebrew/opt/ncurses/include -D_DARWIN_C_SOURCE -D_XOPEN_SOURCE_EXTENDED -D_XPG5 -L/opt/homebrew/opt/ncurses/lib conftest.c -lform -lmenu -lpanel -lncurses  >&5
configure:19881:15: error: use of undeclared identifier 'wacs_map'; did you mean 'acs_map'?
void *foo = &(wacs_map['k']); (void)foo
              ^~~~~~~~
              acs_map
/opt/homebrew/opt/ncurses/include/ncurses.h:358:35: note: 'acs_map' declared here
extern NCURSES_EXPORT_VAR(chtype) acs_map[];
                                  ^
1 error generated.
configure:19891: $? = 1
configure: failed program was:
#line 19872 "configure"
#include "confdefs.h"

#ifndef _XOPEN_SOURCE_EXTENDED
#define _XOPEN_SOURCE_EXTENDED
#endif
#include <ncurses.h>
int
main (void)
{
void *foo = &(wacs_map['k']); (void)foo
  ;
  return 0;
}
configure:19888: gcc -o conftest -g -O2 -Qunused-arguments -Wno-error=implicit-function-declaration -I/opt/homebrew/opt/ncurses/include -D_DARWIN_C_SOURCE -D_XOPEN_SOURCE_EXTENDED -D_XPG5 -L/opt/homebrew/opt/ncurses/lib conftest.c -lform -lmenu -lpanel -lncurses  >&5
configure:19881:15: error: use of undeclared identifier '_wacs_map'; did you mean 'acs_map'?
void *foo = &(_wacs_map['k']); (void)foo
              ^~~~~~~~~
              acs_map
/opt/homebrew/opt/ncurses/include/ncurses.h:358:35: note: 'acs_map' declared here
extern NCURSES_EXPORT_VAR(chtype) acs_map[];
                                  ^
1 error generated.
configure:19891: $? = 1
configure: failed program was:
#line 19872 "configure"
#include "confdefs.h"

#ifndef _XOPEN_SOURCE_EXTENDED
#define _XOPEN_SOURCE_EXTENDED
#endif
#include <ncurses.h>
int
main (void)
{
void *foo = &(_wacs_map['k']); (void)foo
  ;
  return 0;
}
configure:19888: gcc -o conftest -g -O2 -Qunused-arguments -Wno-error=implicit-function-declaration -I/opt/homebrew/opt/ncurses/include -D_DARWIN_C_SOURCE -D_XOPEN_SOURCE_EXTENDED -D_XPG5 -L/opt/homebrew/opt/ncurses/lib conftest.c -lform -lmenu -lpanel -lncurses  >&5
configure:19881:15: error: use of undeclared identifier '__wacs_map'; did you mean 'acs_map'?
void *foo = &(__wacs_map['k']); (void)foo
              ^~~~~~~~~~
              acs_map
/opt/homebrew/opt/ncurses/include/ncurses.h:358:35: note: 'acs_map' declared here
extern NCURSES_EXPORT_VAR(chtype) acs_map[];
                                  ^
1 error generated.
configure:19891: $? = 1
configure: failed program was:
#line 19872 "configure"
#include "confdefs.h"

#ifndef _XOPEN_SOURCE_EXTENDED
#define _XOPEN_SOURCE_EXTENDED
#endif
#include <ncurses.h>
int
main (void)
{
void *foo = &(__wacs_map['k']); (void)foo
  ;
  return 0;
}
configure:19888: gcc -o conftest -g -O2 -Qunused-arguments -Wno-error=implicit-function-declaration -I/opt/homebrew/opt/ncurses/include -D_DARWIN_C_SOURCE -D_XOPEN_SOURCE_EXTENDED -D_XPG5 -L/opt/homebrew/opt/ncurses/lib conftest.c -lform -lmenu -lpanel -lncurses  >&5
configure:19891: $? = 0
configure:19894: test -s conftest
configure:19897: $? = 0
configure:19908: result: _nc_wacs
configure:19916: checking for wide alternate character constants
configure:19943: gcc -o conftest -g -O2 -Qunused-arguments -Wno-error=implicit-function-declaration -I/opt/homebrew/opt/ncurses/include -D_DARWIN_C_SOURCE -D_XOPEN_SOURCE_EXTENDED -D_XPG5 -L/opt/homebrew/opt/ncurses/lib conftest.c -lform -lmenu -lpanel -lncurses  >&5
configure:19946: $? = 0
configure:19949: test -s conftest
configure:19952: $? = 0
configure:19998: result: yes
configure:20008: checking for type attr_t in ncurses.h
configure:20029: gcc -c -g -O2 -Qunused-arguments -Wno-error=implicit-function-declaration -I/opt/homebrew/opt/ncurses/include -D_DARWIN_C_SOURCE -D_XOPEN_SOURCE_EXTENDED -D_XPG5 conftest.c >&5
configure:20032: $? = 0
configure:20035: test -s conftest.o
configure:20038: $? = 0
configure:20047: result: yes
configure:20068: checking if we must include wchar.h to declare mbstate_t
configure:20093: gcc -c -g -O2 -Qunused-arguments -Wno-error=implicit-function-declaration -I/opt/homebrew/opt/ncurses/include -D_DARWIN_C_SOURCE -D_XOPEN_SOURCE_EXTENDED -D_XPG5 conftest.c >&5
configure:20086:1: error: unknown type name 'mbstate_t'; did you mean '__mbstate_t'?
mbstate_t state
^~~~~~~~~
__mbstate_t
/Library/Developer/CommandLineTools/SDKs/MacOSX.sdk/usr/include/arm/_types.h:57:3: note: '__mbstate_t' declared here
} __mbstate_t;
  ^
1 error generated.
configure:20096: $? = 1
configure: failed program was:
#line 20075 "configure"
#include "confdefs.h"

#include <stdlib.h>
#include <stdarg.h>
#include <stdio.h>
#ifdef HAVE_LIBUTF8_H
#include <libutf8.h>
#endif
int
main (void)
{
mbstate_t state
  ;
  return 0;
}
configure:20128: gcc -c -g -O2 -Qunused-arguments -Wno-error=implicit-function-declaration -I/opt/homebrew/opt/ncurses/include -D_DARWIN_C_SOURCE -D_XOPEN_SOURCE_EXTENDED -D_XPG5 conftest.c >&5
configure:20131: $? = 0
configure:20134: test -s conftest.o
configure:20137: $? = 0
configure:20149: result: yes
configure:20172: checking if we must include wchar.h to declare wchar_t
configure:20197: gcc -c -g -O2 -Qunused-arguments -Wno-error=implicit-function-declaration -I/opt/homebrew/opt/ncurses/include -D_DARWIN_C_SOURCE -D_XOPEN_SOURCE_EXTENDED -D_XPG5 conftest.c >&5
configure:20200: $? = 0
configure:20203: test -s conftest.o
configure:20206: $? = 0
configure:20253: result: no
configure:20276: checking if we must include wchar.h to declare wint_t
configure:20301: gcc -c -g -O2 -Qunused-arguments -Wno-error=implicit-function-declaration -I/opt/homebrew/opt/ncurses/include -D_DARWIN_C_SOURCE -D_XOPEN_SOURCE_EXTENDED -D_XPG5 conftest.c >&5
configure:20294:7: error: expected ';' after expression
wint_t state
      ^
      ;
configure:20294:1: error: use of undeclared identifier 'wint_t'
wint_t state
^
configure:20294:8: error: use of undeclared identifier 'state'
wint_t state
       ^
3 errors generated.
configure:20304: $? = 1
configure: failed program was:
#line 20283 "configure"
#include "confdefs.h"

#include <stdlib.h>
#include <stdarg.h>
#include <stdio.h>
#ifdef HAVE_LIBUTF8_H
#include <libutf8.h>
#endif
int
main (void)
{
wint_t state
  ;
  return 0;
}
configure:20336: gcc -c -g -O2 -Qunused-arguments -Wno-error=implicit-function-declaration -I/opt/homebrew/opt/ncurses/include -D_DARWIN_C_SOURCE -D_XOPEN_SOURCE_EXTENDED -D_XPG5 conftest.c >&5
configure:20339: $? = 0
configure:20342: test -s conftest.o
configure:20345: $? = 0
configure:20357: result: yes
configure:20571: checking for data TABSIZE declaration in ncurses.h
configure:20608: gcc -c -g -O2 -Qunused-arguments -Wno-error=implicit-function-declaration -I/opt/homebrew/opt/ncurses/include -D_DARWIN_C_SOURCE -D_XOPEN_SOURCE_EXTENDED -D_XPG5 conftest.c >&5
configure:20611: $? = 0
configure:20614: test -s conftest.o
configure:20617: $? = 0
configure:20627: result: yes
configure:20571: checking for data curscr declaration in ncurses.h
configure:20608: gcc -c -g -O2 -Qunused-arguments -Wno-error=implicit-function-declaration -I/opt/homebrew/opt/ncurses/include -D_DARWIN_C_SOURCE -D_XOPEN_SOURCE_EXTENDED -D_XPG5 conftest.c >&5
configure:20611: $? = 0
configure:20614: test -s conftest.o
configure:20617: $? = 0
configure:20627: result: yes
configure:20571: checking for data ospeed declaration in ncurses.h
configure:20608: gcc -c -g -O2 -Qunused-arguments -Wno-error=implicit-function-declaration -I/opt/homebrew/opt/ncurses/include -D_DARWIN_C_SOURCE -D_XOPEN_SOURCE_EXTENDED -D_XPG5 conftest.c >&5
configure:20598:22: error: use of undeclared identifier 'ospeed'
        const void *foo = &(ospeed);
                            ^
1 error generated.
configure:20611: $? = 1
configure: failed program was:
#line 20575 "configure"
#include "confdefs.h"

#ifdef HAVE_XCURSES
#include <xcurses.h>
char * XCursesProgramName = "test";
#else
#include <ncurses.h>
#if defined(NCURSES_VERSION) && defined(HAVE_NCURSESW_TERM_H)
#include <ncursesw/term.h>
#elif defined(NCURSES_VERSION) && defined(HAVE_NCURSES_TERM_H)
#include <ncurses/term.h>
#elif defined(HAVE_TERM_H)
#include <term.h>
#endif
#endif

int
main (void)
{

#if defined(ospeed) && ((defined(NCURSES_WRAPPED_VAR) && (NCURSES_VERSION_PATCH < 20200208)) || defined(NCURSES_BROKEN_LINKER) || defined(NCURSES_REENTRANT))
	const void *foo = (const void *)(ospeed);
#else
	const void *foo = &(ospeed);
#endif
	fprintf(stderr, "testing linkage of ospeed:%p\n", (const void *)foo);

  ;
  return 0;
}
configure:20627: result: no
configure:20639: checking for data ospeed in library
configure:20738: gcc -o conftest -g -O2 -Qunused-arguments -Wno-error=implicit-function-declaration -I/opt/homebrew/opt/ncurses/include -D_DARWIN_C_SOURCE -D_XOPEN_SOURCE_EXTENDED -D_XPG5 -L/opt/homebrew/opt/ncurses/lib conftest.c -lform -lmenu -lpanel -lncurses  >&5
configure:20741: $? = 0
configure:20743: ./conftest
testing linkage of ospeed:0x10542c82e
configure:20746: $? = 0
configure:20758: result: yes
configure:20571: checking for data boolnames declaration in ncurses.h
configure:20608: gcc -c -g -O2 -Qunused-arguments -Wno-error=implicit-function-declaration -I/opt/homebrew/opt/ncurses/include -D_DARWIN_C_SOURCE -D_XOPEN_SOURCE_EXTENDED -D_XPG5 conftest.c >&5
configure:20611: $? = 0
configure:20614: test -s conftest.o
configure:20617: $? = 0
configure:20627: result: yes
configure:20571: checking for data boolfnames declaration in ncurses.h
configure:20608: gcc -c -g -O2 -Qunused-arguments -Wno-error=implicit-function-declaration -I/opt/homebrew/opt/ncurses/include -D_DARWIN_C_SOURCE -D_XOPEN_SOURCE_EXTENDED -D_XPG5 conftest.c >&5
configure:20611: $? = 0
configure:20614: test -s conftest.o
configure:20617: $? = 0
configure:20627: result: yes
configure:20571: checking for data ttytype declaration in ncurses.h
configure:20608: gcc -c -g -O2 -Qunused-arguments -Wno-error=implicit-function-declaration -I/opt/homebrew/opt/ncurses/include -D_DARWIN_C_SOURCE -D_XOPEN_SOURCE_EXTENDED -D_XPG5 conftest.c >&5
configure:20611: $? = 0
configure:20614: test -s conftest.o
configure:20617: $? = 0
configure:20627: result: yes
configure:21981: checking if you want to turn on gcc warnings
configure:21998: result: no
configure:22368: checking if you want to use dmalloc for testing
configure:22390: result: no
configure:22605: checking if you want to use dbmalloc for testing
configure:22627: result: no
configure:22842: checking if you want to use valgrind for testing
configure:22864: result: no
configure:22977: checking if you want to perform memory-leak testing
configure:22988: result: no
configure:23006: checking for an rpath option
configure:23037: result: 
configure:23101: checking if rpath-hack should be disabled
configure:23119: result: no
configure:23124: checking for updated LDFLAGS
configure:23350: result: no
configure:23440: creating ./config.status

## ----------------------- ##
## Running config.status.  ##
## ----------------------- ##

This file was extended by config.status 2.52.20210509, executed with
  CONFIG_FILES    = 
  CONFIG_HEADERS  = 
  CONFIG_LINKS    = 
  CONFIG_COMMANDS = 
  > "./config.status "
on Moritzs-MacBook-Pro.local

config.status:23994: creating Makefile
config.status:24147: creating ncurses_cfg.h

## ----------------- ##
## Cache variables.  ##
## ----------------- ##

ac_cv_build=aarch64-apple-darwin23.5.0
ac_cv_build_alias=aarch64-apple-darwin23.5.0
ac_cv_c_compiler_gnu=yes
ac_cv_c_inline=inline
ac_cv_env_CC_set=
ac_cv_env_CC_value=
ac_cv_env_CFLAGS_set=
ac_cv_env_CFLAGS_value=
ac_cv_env_CPPFLAGS_set=set
ac_cv_env_CPPFLAGS_value=-I/opt/homebrew/opt/ncurses/include
ac_cv_env_CPP_set=
ac_cv_env_CPP_value=
ac_cv_env_LDFLAGS_set=set
ac_cv_env_LDFLAGS_value=-L/opt/homebrew/opt/ncurses/lib
ac_cv_env_build_alias_set=
ac_cv_env_build_alias_value=
ac_cv_env_host_alias_set=
ac_cv_env_host_alias_value=
ac_cv_env_target_alias_set=
ac_cv_env_target_alias_value=
ac_cv_func_getopt=yes
ac_cv_func_gettimeofday=yes
ac_cv_func_mblen=yes
ac_cv_func_mbrlen=yes
ac_cv_func_mbrtowc=yes
ac_cv_func_mbsrtowcs=yes
ac_cv_func_mbstowcs=yes
ac_cv_func_mbtowc=yes
ac_cv_func_snprintf=yes
ac_cv_func_strdup=yes
ac_cv_func_strstr=yes
ac_cv_func_tgoto=no
ac_cv_func_tsearch=yes
ac_cv_func_wcsrtombs=yes
ac_cv_func_wcstombs=yes
ac_cv_header_form_h=yes
ac_cv_header_getopt_h=yes
ac_cv_header_locale_h=yes
ac_cv_header_math_h=yes
ac_cv_header_menu_h=yes
ac_cv_header_ncurses_h=yes
ac_cv_header_panel_h=yes
ac_cv_header_stdarg_h=yes
ac_cv_header_stdc=yes
ac_cv_header_stdint_h=yes
ac_cv_header_sys_ioctl_h=yes
ac_cv_header_sys_select_h=yes
ac_cv_header_sys_time_h=yes
ac_cv_header_termios_h=yes
ac_cv_header_time=yes
ac_cv_header_unistd_h=yes
ac_cv_host=aarch64-apple-darwin23.5.0
ac_cv_host_alias=aarch64-apple-darwin23.5.0
ac_cv_lib_form___form_driver=yes
ac_cv_lib_menu___menu_driver=yes
ac_cv_lib_ncurses____nc_init_pthreads=no
ac_cv_lib_ncurses___tgoto=yes
ac_cv_lib_panel___new_panel=yes
ac_cv_lib_util_openpty=yes
ac_cv_objext=o
ac_cv_path_EGREP='grep -E'
ac_cv_path_FGREP='grep -F'
ac_cv_path_ac_pt_PKG_CONFIG=none
ac_cv_path_install='/usr/bin/install -c'
ac_cv_prog_AWK=awk
ac_cv_prog_CPP='gcc -E'
ac_cv_prog_CTAGS=ctags
ac_cv_prog_GREP=grep
ac_cv_prog_MAKE_LOWER_TAGS=yes
ac_cv_prog_ac_ct_CC=gcc
ac_cv_prog_cc_g=yes
ac_cv_prog_cc_stdc=
ac_cv_prog_make_make_set=yes
am_cv_langinfo_codeset=yes
cf_cv_abi_version=
cf_cv_c11_noreturn=no,
cf_cv_curses_acs_map=acs_map
cf_cv_curses_dir=no
cf_cv_curses_incdir=no
cf_cv_curses_wacs_map=_nc_wacs
cf_cv_curses_wacs_symbols=yes
cf_cv_define_sigwinch=yes
cf_cv_func__tracef=no
cf_cv_func_alloc_pair=yes
cf_cv_func_assume_default_colors=yes
cf_cv_func_chgat=yes
cf_cv_func_color_content=yes
cf_cv_func_color_set=yes
cf_cv_func_copywin=yes
cf_cv_func_curses_version=yes
cf_cv_func_delscreen=yes
cf_cv_func_dupwin=yes
cf_cv_func_exit_curses=yes
cf_cv_func_exit_terminfo=yes
cf_cv_func_filter=yes
cf_cv_func_getbegx=yes
cf_cv_func_getcurx=yes
cf_cv_func_getmaxx=yes
cf_cv_func_getnstr=yes
cf_cv_func_getparx=yes
cf_cv_func_getwin=yes
cf_cv_func_halfdelay=yes
cf_cv_func_init_extended_color=yes
cf_cv_func_mvderwin=yes
cf_cv_func_mvvline=yes
cf_cv_func_mvwin=yes
cf_cv_func_mvwvline=yes
cf_cv_func_napms=yes
cf_cv_func_newpad=yes
cf_cv_func_openpty=util.h
cf_cv_func_putwin=yes
cf_cv_func_reset_color_pairs=yes
cf_cv_func_resize_term=yes
cf_cv_func_resizeterm=yes
cf_cv_func_restartterm=yes
cf_cv_func_ripoffline=yes
cf_cv_func_scr_dump=yes
cf_cv_func_setupterm=yes
cf_cv_func_slk_color=yes
cf_cv_func_slk_init=yes
cf_cv_func_termattrs=yes
cf_cv_func_termname=yes
cf_cv_func_tgetent=yes
cf_cv_func_tigetnum=yes
cf_cv_func_tigetstr=yes
cf_cv_func_tputs=yes
cf_cv_func_tputs_sp=yes
cf_cv_func_typeahead=yes
cf_cv_func_use_default_colors=yes
cf_cv_func_use_env=yes
cf_cv_func_use_extended_names=yes
cf_cv_func_use_screen=yes
cf_cv_func_use_window=yes
cf_cv_func_vid_puts=yes
cf_cv_func_vidputs=yes
cf_cv_func_vsscanf=yes
cf_cv_func_vw_printw=yes
cf_cv_func_wchgat=yes
cf_cv_func_winsdelln=yes
cf_cv_func_winsstr=yes
cf_cv_func_wresize=yes
cf_cv_func_wsyncdown=yes
cf_cv_getopt_header=unistd.h
cf_cv_have_termcap_h=yes
cf_cv_install_p=yes
cf_cv_lib_util=yes
cf_cv_libtype=
cf_cv_make_PHONY=yes
cf_cv_mbstate_t=yes
cf_cv_mixedcase=no
cf_cv_ncurses_ext_funcs=defined
cf_cv_ncurses_header=ncurses.h
cf_cv_ncurses_pthreads=no
cf_cv_ncurses_version=6.5.20240427
cf_cv_need_libm=no
cf_cv_need_xopen_extension=_XOPEN_SOURCE_EXTENDED
cf_cv_netbsd_form_h=no
cf_cv_netbsd_menu_h=no
cf_cv_posix_visible=no
cf_cv_rel_version=
cf_cv_screen=curses
cf_cv_sig_atomic_t='volatile sig_atomic_t'
cf_cv_sys_time_select=yes
cf_cv_system_name=darwin23.5.0
cf_cv_term_header=term.h
cf_cv_unctrl_header=unctrl.h
cf_cv_use_pthreads=no
cf_cv_wchar_t=no
cf_cv_widechar_funcs=yes
cf_cv_wint_t=yes

## ------------ ##
## confdefs.h.  ##
## ------------ ##

#define SYSTEM_NAME "darwin23.5.0"
#define GCC_SCANF 1
#define GCC_SCANF 1
#define GCC_SCANFLIKE(fmt,var) __attribute__((format(scanf,fmt,var)))
#define GCC_PRINTF 1
#define GCC_PRINTF 1
#define GCC_PRINTFLIKE(fmt,var) __attribute__((format(printf,fmt,var)))
#define GCC_UNUSED __attribute__((unused))
#define GCC_UNUSED __attribute__((unused))
#define GCC_NORETURN __attribute__((noreturn))
#define GCC_NORETURN __attribute__((noreturn))
#define SIG_ATOMIC_T volatile sig_atomic_t
#define HAVE_LANGINFO_CODESET 1
#define HAVE_NCURSES_H 1
#define HAVE_TERM_H 1
#define NCURSES 1
#define RGB_PATH "/usr/lib64/X11/rgb.txt"
#define HAVE_LIBPANEL 1
#define HAVE_LIBMENU 1
#define HAVE_LIBFORM 1
#define HAVE_PANEL_H 1
#define HAVE_MENU_H 1
#define HAVE_FORM_H 1
#define STDC_HEADERS 1
#define TIME_WITH_SYS_TIME 1
#define HAVE_GETOPT_H 1
#define HAVE_LOCALE_H 1
#define HAVE_MATH_H 1
#define HAVE_STDARG_H 1
#define HAVE_STDINT_H 1
#define HAVE_SYS_IOCTL_H 1
#define HAVE_SYS_SELECT_H 1
#define HAVE_SYS_TIME_H 1
#define HAVE_TERMIOS_H 1
#define HAVE_UNISTD_H 1
#define HAVE_UNISTD_H 1
#define HAVE_GETOPT_H 1
#define HAVE_GETOPT_HEADER 1
#define HAVE_GETOPT 1
#define HAVE_GETTIMEOFDAY 1
#define HAVE_SNPRINTF 1
#define HAVE_STRDUP 1
#define HAVE_STRSTR 1
#define HAVE_TSEARCH 1
#define HAVE_TERMCAP_H 1
#define HAVE_MBLEN 1
#define HAVE_MBRLEN 1
#define HAVE_MBRTOWC 1
#define HAVE_MBSRTOWCS 1
#define HAVE_MBSTOWCS 1
#define HAVE_MBTOWC 1
#define HAVE_WCSRTOMBS 1
#define HAVE_WCSTOMBS 1
#define HAVE_TERM_H 1
#define HAVE_UNCTRL_H 1
#define HAVE_ALLOC_PAIR 1
#define HAVE_ASSUME_DEFAULT_COLORS 1
#define HAVE_CHGAT 1
#define HAVE_COLOR_CONTENT 1
#define HAVE_COLOR_SET 1
#define HAVE_COPYWIN 1
#define HAVE_DELSCREEN 1
#define HAVE_DUPWIN 1
#define HAVE_EXIT_CURSES 1
#define HAVE_EXIT_TERMINFO 1
#define HAVE_FILTER 1
#define HAVE_GETBEGX 1
#define HAVE_GETCURX 1
#define HAVE_GETMAXX 1
#define HAVE_GETNSTR 1
#define HAVE_GETPARX 1
#define HAVE_GETWIN 1
#define HAVE_HALFDELAY 1
#define HAVE_INIT_EXTENDED_COLOR 1
#define HAVE_MVDERWIN 1
#define HAVE_MVVLINE 1
#define HAVE_MVWIN 1
#define HAVE_MVWVLINE 1
#define HAVE_NAPMS 1
#define HAVE_NEWPAD 1
#define HAVE_PUTWIN 1
#define HAVE_RESET_COLOR_PAIRS 1
#define HAVE_RESIZE_TERM 1
#define HAVE_RESIZETERM 1
#define HAVE_RESTARTTERM 1
#define HAVE_RIPOFFLINE 1
#define HAVE_SCR_DUMP 1
#define HAVE_SETUPTERM 1
#define HAVE_SLK_COLOR 1
#define HAVE_SLK_INIT 1
#define HAVE_TERMATTRS 1
#define HAVE_TERMNAME 1
#define HAVE_TGETENT 1
#define HAVE_TIGETNUM 1
#define HAVE_TIGETSTR 1
#define HAVE_TPUTS_SP 1
#define HAVE_TYPEAHEAD 1
#define HAVE_USE_DEFAULT_COLORS 1
#define HAVE_USE_ENV 1
#define HAVE_USE_EXTENDED_NAMES 1
#define HAVE_USE_SCREEN 1
#define HAVE_USE_WINDOW 1
#define HAVE_VID_PUTS 1
#define HAVE_VIDPUTS 1
#define HAVE_VSSCANF 1
#define HAVE_VW_PRINTW 1
#define HAVE_WCHGAT 1
#define HAVE_WINSDELLN 1
#define HAVE_WINSSTR 1
#define HAVE_WRESIZE 1
#define HAVE_WSYNCDOWN 1
#define HAVE_TPUTS 1
#define TPUTS_ARG               int
#define TPUTS_PROTO(func,value) int func(TPUTS_ARG value)
#define TPUTS_RETURN(value)     return value
#define USE_WIDEC_SUPPORT 1
#define HAVE_SYS_TIME_SELECT 1
#define USE_OPENPTY_HEADER <util.h>
#define USE_XTERM_PTY 1
#define HAVE_CURSES_VERSION 1
#define CURSES_ACS_ARRAY acs_map
#define CURSES_WACS_ARRAY _nc_wacs
#define CURSES_WACS_SYMBOLS 1
#define HAVE_TYPE_ATTR_T 1
#define NEED_WCHAR_H 1
#define NEED_WCHAR_H 1
#define HAVE_CURSES_DATA_TABSIZE 1
#define HAVE_CURSES_DATA_CURSCR 1
#define DECL_CURSES_DATA_OSPEED 1
#define HAVE_CURSES_DATA_BOOLNAMES 1
#define HAVE_CURSES_DATA_BOOLFNAMES 1
#define HAVE_CURSES_DATA_TTYTYPE 1


configure: exit 0

## ----------------------- ##
## Running config.status.  ##
## ----------------------- ##

This file was extended by config.status 2.52.20210509, executed with
  CONFIG_FILES    = 
  CONFIG_HEADERS  = 
  CONFIG_LINKS    = 
  CONFIG_COMMANDS = 
  > "./config.status "
on Moritzs-MacBook-Pro.local

config.status:23994: creating Makefile
config.status:24147: creating ncurses_cfg.h
config.status:24229: ncurses_cfg.h is unchanged
